<?xml version="1.0" encoding="utf-8"?>
<TestRun id="c03e736b-abf0-4ff7-9364-781500a46412" name="Steve@BEAST 2026-05-24 05:07:28" runUser="BEAST\Steve" xmlns="http://microsoft.com/schemas/VisualStudio/TeamTest/2010">
  <Times creation="2026-05-24T05:07:28.1372026-05:00" queuing="2026-05-24T05:07:28.1372032-05:00" start="2026-05-24T05:07:27.1965063-05:00" finish="2026-05-24T05:07:38.9766799-05:00" />
  <TestSettings name="default" id="4e3c8df2-cdb0-4047-9eb8-97eb7591b174">
    <Deployment runDeploymentRoot="Steve_BEAST_2026-05-24_05_07_28" />
  </TestSettings>
  <Results>
    <UnitTestResult executionId="4ca895d3-776e-491f-a1eb-d30e15c2fe0c" testId="04fba5d8-e7ee-9b51-c2ba-364456d787d3" testName="MMP.Herald.OSS.Tests.Addons.ManagementApi.OnAuthorizationDeniedEventTests.Event_fires_on_denial_with_operation_and_decision" computerName="BEAST" duration="00:00:00.0143220" startTime="2026-05-24T05:07:28.3270822-05:00" endTime="2026-05-24T05:07:28.3307699-05:00" testType="13cdc9d9-ddb5-4fa4-a97d-d965ccfc6d4b" outcome="Passed" testListId="8c84fa94-04c1-424b-9868-57a2d4851a1d" relativeResultsDirectory="4ca895d3-776e-491f-a1eb-d30e15c2fe0c" />
    <UnitTestResult executionId="456ef88c-c930-4929-a40c-78005db7fbfa" testId="1484b3c9-0853-3a7e-4e9d-8c6327510d5d" testName="MMP.Herald.OSS.Tests.Addons.ManagementApi.AuthorizerDecideTests.Deny_with_null_reason_falls_back_to_operation_named_default" computerName="BEAST" duration="00:00:00.0008988" startTime="2026-05-24T05:07:28.3403968-05:00" endTime="2026-05-24T05:07:28.3409185-05:00" testType="13cdc9d9-ddb5-4fa4-a97d-d965ccfc6d4b" outcome="Passed" testListId="8c84fa94-04c1-424b-9868-57a2d4851a1d" relativeResultsDirectory="456ef88c-c930-4929-a40c-78005db7fbfa" />
    <UnitTestResult executionId="6dbad70f-ce7a-40c9-9c93-529b3cd6a045" testId="756c9429-6a1f-41cd-6453-390a3562cf2d" testName="MMP.Herald.OSS.Tests.Generators.CompileTimeNameResolverTests.Resolve_matches_fixture(row: Row { Description = Pascal: destructuring sigil @ stripped, Template = {@Order}, CaeNames = System.String[], PolicyId = pascal, Expected = System.String[], RuntimeOnly = False })" computerName="BEAST" duration="00:00:00.0000074" startTime="2026-05-24T05:07:28.1538752-05:00" endTime="2026-05-24T05:07:28.1539056-05:00" testType="13cdc9d9-ddb5-4fa4-a97d-d965ccfc6d4b" outcome="Passed" testListId="8c84fa94-04c1-424b-9868-57a2d4851a1d" relativeResultsDirectory="6dbad70f-ce7a-40c9-9c93-529b3cd6a045" />
    <UnitTestResult executionId="8337665d-90a5-453a-8c93-c08a09c9bf7c" testId="3698885a-61ef-2ac2-059c-0425905af979" testName="MMP.Herald.OSS.Tests.Pipeline.WithContextKernelOrphanTests.Grandchild_shares_the_root_kernel_holder" computerName="BEAST" duration="00:00:00.0007299" startTime="2026-05-24T05:07:28.2838589-05:00" endTime="2026-05-24T05:07:28.2845591-05:00" testType="13cdc9d9-ddb5-4fa4-a97d-d965ccfc6d4b" outcome="Passed" testListId="8c84fa94-04c1-424b-9868-57a2d4851a1d" relativeResultsDirectory="8337665d-90a5-453a-8c93-c08a09c9bf7c" />
    <UnitTestResult executionId="58771518-a148-485c-ad98-e513abfb0ec6" testId="5dc10aa8-1650-2f4a-5c22-c37948bab1c3" testName="MMP.Herald.OSS.Tests.Bootstrap.HotReloadIntegrationTests.Reload_swaps_minimum_level_observable_via_CurrentMinimumLevel" computerName="BEAST" duration="00:00:00.0009366" startTime="2026-05-24T05:07:30.4751763-05:00" endTime="2026-05-24T05:07:30.4752135-05:00" testType="13cdc9d9-ddb5-4fa4-a97d-d965ccfc6d4b" outcome="Passed" testListId="8c84fa94-04c1-424b-9868-57a2d4851a1d" relativeResultsDirectory="58771518-a148-485c-ad98-e513abfb0ec6" />
    <UnitTestResult executionId="53191563-4d91-4620-93eb-513f8de0da0b" testId="20e62fdf-d500-ad1c-f52f-abd8314fb472" testName="MMP.Herald.OSS.Tests.Templating.PolicyResolveAllFixtureTests.ResolveAll_matches_fixture(row: Row { Description = Snake: single PascalCase token to snake_case, Template = user {UserId} signed in, CaeNames = System.String[], PolicyId = snake, Expected = System.String[], RuntimeOnly = False })" computerName="BEAST" duration="00:00:00.0009793" startTime="2026-05-24T05:07:28.1015238-05:00" endTime="2026-05-24T05:07:28.1018177-05:00" testType="13cdc9d9-ddb5-4fa4-a97d-d965ccfc6d4b" outcome="Passed" testListId="8c84fa94-04c1-424b-9868-57a2d4851a1d" relativeResultsDirectory="53191563-4d91-4620-93eb-513f8de0da0b" />
    <UnitTestResult executionId="f8f442d3-ed8b-44aa-96d2-3c765bac302e" testId="ebb6d18d-6419-b980-b97a-565c7f7f265d" testName="MMP.Herald.OSS.Tests.Addons.ManagementApi.HttpHeaderSanitizerTests.IsValidHeaderName_accepts_RFC_7230_tokens(name: &quot;X-Trace-Id-123&quot;)" computerName="BEAST" duration="00:00:00.0000061" startTime="2026-05-24T05:07:28.1361252-05:00" endTime="2026-05-24T05:07:28.1361650-05:00" testType="13cdc9d9-ddb5-4fa4-a97d-d965ccfc6d4b" outcome="Passed" testListId="8c84fa94-04c1-424b-9868-57a2d4851a1d" relativeResultsDirectory="f8f442d3-ed8b-44aa-96d2-3c765bac302e" />
    <UnitTestResult executionId="ce0d4703-40e1-4830-be82-39241450cd30" testId="01386bda-35d6-99e9-2731-3178dd68556b" testName="MMP.Herald.OSS.Tests.Generators.SinkAutoRegistrationGeneratorGoldenTests.Generator_emits_nothing_when_assembly_has_no_providers" computerName="BEAST" duration="00:00:00.7196154" startTime="2026-05-24T05:07:27.9700561-05:00" endTime="2026-05-24T05:07:28.6959401-05:00" testType="13cdc9d9-ddb5-4fa4-a97d-d965ccfc6d4b" outcome="Passed" testListId="8c84fa94-04c1-424b-9868-57a2d4851a1d" relativeResultsDirectory="ce0d4703-40e1-4830-be82-39241450cd30" />
    <UnitTestResult executionId="035c9c90-b402-46fb-b6e6-1675da27aa66" testId="645c3807-df98-a223-5482-7c067aedfee7" testName="MMP.Herald.OSS.Tests.Addons.ManagementApi.AuthorizationDecisionShapeTests.AuthorizationDecision_Allow_factory_produces_empty_denial_fields" computerName="BEAST" duration="00:00:00.0002349" startTime="2026-05-24T05:07:28.3978774-05:00" endTime="2026-05-24T05:07:28.3991199-05:00" testType="13cdc9d9-ddb5-4fa4-a97d-d965ccfc6d4b" outcome="Passed" testListId="8c84fa94-04c1-424b-9868-57a2d4851a1d" relativeResultsDirectory="035c9c90-b402-46fb-b6e6-1675da27aa66" />
    <UnitTestResult executionId="6f69a78a-193c-4702-b59a-e64056e1fbd9" testId="44ff223b-2026-12e1-51cf-c3f16e449f1a" testName="MMP.Herald.OSS.Tests.Diagnostics.HeraldRuntimeMessagesTests.Publish_with_null_severity_throws" computerName="BEAST" duration="00:00:00.0008542" startTime="2026-05-24T05:07:28.1138249-05:00" endTime="2026-05-24T05:07:28.1139991-05:00" testType="13cdc9d9-ddb5-4fa4-a97d-d965ccfc6d4b" outcome="Passed" testListId="8c84fa94-04c1-424b-9868-57a2d4851a1d" relativeResultsDirectory="6f69a78a-193c-4702-b59a-e64056e1fbd9" />
    <UnitTestResult executionId="64049c8c-8772-419c-af75-0d9fd0325793" testId="5d1892f5-78ea-a535-6c20-a9fdfedc555c" testName="MMP.Herald.OSS.Tests.Pipeline.Kernel.GenSourceGatedSinkTests.Label_is_preserved_when_provided" computerName="BEAST" duration="00:00:00.0003855" startTime="2026-05-24T05:07:28.2165734-05:00" endTime="2026-05-24T05:07:28.2170318-05:00" testType="13cdc9d9-ddb5-4fa4-a97d-d965ccfc6d4b" outcome="Passed" testListId="8c84fa94-04c1-424b-9868-57a2d4851a1d" relativeResultsDirectory="64049c8c-8772-419c-af75-0d9fd0325793" />
    <UnitTestResult executionId="028b7e70-be31-464a-8682-de62a9daf415" testId="216b8bba-b0df-88d0-85c6-1ee93e582378" testName="MMP.Herald.OSS.Tests.PipelineStrategyTests.PipelineStepCapabilityTests.Re_register_with_strict_subset_of_caps_throws" computerName="BEAST" duration="00:00:00.0121222" startTime="2026-05-24T05:07:28.3288833-05:00" endTime="2026-05-24T05:07:28.3292254-05:00" testType="13cdc9d9-ddb5-4fa4-a97d-d965ccfc6d4b" outcome="Passed" testListId="8c84fa94-04c1-424b-9868-57a2d4851a1d" relativeResultsDirectory="028b7e70-be31-464a-8682-de62a9daf415" />
    <UnitTestResult executionId="4c00217c-c7e7-4094-a823-242b45d8dac2" testId="94d9a6d1-85ed-025d-8028-02301a0a512d" testName="MMP.Herald.OSS.Tests.Pipeline.Kernel.ExternalSourceRegistrarTests.Revoke_with_wrong_timestamp_throws_and_keeps_registration_active" computerName="BEAST" duration="00:00:00.0014924" startTime="2026-05-24T05:07:28.3554220-05:00" endTime="2026-05-24T05:07:28.3561558-05:00" testType="13cdc9d9-ddb5-4fa4-a97d-d965ccfc6d4b" outcome="Passed" testListId="8c84fa94-04c1-424b-9868-57a2d4851a1d" relativeResultsDirectory="4c00217c-c7e7-4094-a823-242b45d8dac2" />
    <UnitTestResult executionId="051a9cfe-a75d-482d-a019-e2e24d61eff9" testId="49267331-c7ac-a654-71ed-6a653d60608b" testName="MMP.Herald.OSS.Tests.HeraldCapabilityGateTests.RequireOn_component_throws_on_first_missing_cap_in_declaration_order" computerName="BEAST" duration="00:00:00.0013073" startTime="2026-05-24T05:07:28.1208098-05:00" endTime="2026-05-24T05:07:28.1211361-05:00" testType="13cdc9d9-ddb5-4fa4-a97d-d965ccfc6d4b" outcome="Passed" testListId="8c84fa94-04c1-424b-9868-57a2d4851a1d" relativeResultsDirectory="051a9cfe-a75d-482d-a019-e2e24d61eff9" />
    <UnitTestResult executionId="bd0ba679-122f-4041-bff2-d1df4beb1d4c" testId="c7d8dc42-e15f-558c-1679-a33e017b6175" testName="MMP.Herald.OSS.Tests.Generators.SinkAutoRegistrationGeneratorGoldenTests.Generator_emits_module_initializer_for_sink_provider_class" computerName="BEAST" duration="00:00:00.1977381" startTime="2026-05-24T05:07:28.6962119-05:00" endTime="2026-05-24T05:07:28.8938363-05:00" testType="13cdc9d9-ddb5-4fa4-a97d-d965ccfc6d4b" outcome="Passed" testListId="8c84fa94-04c1-424b-9868-57a2d4851a1d" relativeResultsDirectory="bd0ba679-122f-4041-bff2-d1df4beb1d4c" />
    <UnitTestResult executionId="91025edf-3f11-45a3-a2bd-3cd2a9979699" testId="19f1c2f0-81a8-f382-bb5f-e37ba04da629" testName="MMP.Herald.OSS.Tests.Pipeline.Kernel.ExternalSourceRegistrarTests.Revoke_unknown_key_returns_false" computerName="BEAST" duration="00:00:00.0001921" startTime="2026-05-24T05:07:28.3662800-05:00" endTime="2026-05-24T05:07:28.3665289-05:00" testType="13cdc9d9-ddb5-4fa4-a97d-d965ccfc6d4b" outcome="Passed" testListId="8c84fa94-04c1-424b-9868-57a2d4851a1d" relativeResultsDirectory="91025edf-3f11-45a3-a2bd-3cd2a9979699" />
    <UnitTestResult executionId="1b19653e-928d-418b-98cd-e0f4fb49809f" testId="069fdfc9-9412-3223-7365-a24265b4e182" testName="MMP.Herald.OSS.Tests.Templating.NamingPolicyRegistryTests.Builtins_are_registered_eagerly(id: &quot;snake&quot;, expectedType: typeof(MMP.Herald.Templating.NamingPolicies.SnakeCasePolicy))" computerName="BEAST" duration="00:00:00.0000240" startTime="2026-05-24T05:07:28.4097896-05:00" endTime="2026-05-24T05:07:28.4098240-05:00" testType="13cdc9d9-ddb5-4fa4-a97d-d965ccfc6d4b" outcome="Passed" testListId="8c84fa94-04c1-424b-9868-57a2d4851a1d" relativeResultsDirectory="1b19653e-928d-418b-98cd-e0f4fb49809f" />
    <UnitTestResult executionId="9a671498-1748-4c64-83f2-20a26fcbc0a7" testId="da28dde9-a917-19bf-f5e8-89ba347b2ec5" testName="MMP.Herald.OSS.Tests.Templating.PascalCasePolicyTests.Falls_back_to_argN_when_both_token_and_arg_expr_are_empty" computerName="BEAST" duration="00:00:00.0002709" startTime="2026-05-24T05:07:28.1444902-05:00" endTime="2026-05-24T05:07:28.1445249-05:00" testType="13cdc9d9-ddb5-4fa4-a97d-d965ccfc6d4b" outcome="Passed" testListId="8c84fa94-04c1-424b-9868-57a2d4851a1d" relativeResultsDirectory="9a671498-1748-4c64-83f2-20a26fcbc0a7" />
    <UnitTestResult executionId="212e5e61-7c51-4ccd-824f-8c60eaa46bfe" testId="04edd453-9886-003b-2b0c-c69bbb2e8637" testName="MMP.Herald.OSS.Tests.Quick.HeraldTenantAdmissionPolicyTests.Throwing_policy_blocks_register_publish" computerName="BEAST" duration="00:00:00.0017167" startTime="2026-05-24T05:07:28.3861848-05:00" endTime="2026-05-24T05:07:28.3878269-05:00" testType="13cdc9d9-ddb5-4fa4-a97d-d965ccfc6d4b" outcome="Passed" testListId="8c84fa94-04c1-424b-9868-57a2d4851a1d" relativeResultsDirectory="212e5e61-7c51-4ccd-824f-8c60eaa46bfe" />
    <UnitTestResult executionId="9eb1b391-2312-4eb7-9509-dafebaf12945" testId="01df8b6f-0a5b-6cf3-4380-92b7295b55d9" testName="MMP.Herald.OSS.Tests.Templating.PascalCasePolicyTests.Resolves_token_per_spec(token: &quot;HTTPSConnection&quot;, argExpr: &quot;c&quot;, expectedPascal: &quot;HTTPSConnection&quot;)" computerName="BEAST" duration="00:00:00.0000106" startTime="2026-05-24T05:07:28.1441952-05:00" endTime="2026-05-24T05:07:28.1442281-05:00" testType="13cdc9d9-ddb5-4fa4-a97d-d965ccfc6d4b" outcome="Passed" testListId="8c84fa94-04c1-424b-9868-57a2d4851a1d" relativeResultsDirectory="9eb1b391-2312-4eb7-9509-dafebaf12945" />
    <UnitTestResult executionId="744f3264-3565-4c42-9f63-7d7e0c7ba26a" testId="1e40b811-2587-955f-00bb-c684fc4a08a5" testName="MMP.Herald.OSS.Tests.Output.Writers.ConfinedPathResolverWindowsCaseTests.Windows_accepts_case_differing_subpath_within_base" computerName="BEAST" duration="00:00:00.0025197" startTime="2026-05-24T05:07:28.3385090-05:00" endTime="2026-05-24T05:07:28.3398285-05:00" testType="13cdc9d9-ddb5-4fa4-a97d-d965ccfc6d4b" outcome="Passed" testListId="8c84fa94-04c1-424b-9868-57a2d4851a1d" relativeResultsDirectory="744f3264-3565-4c42-9f63-7d7e0c7ba26a" />
    <UnitTestResult executionId="e0121dd3-89f7-412b-9a8c-851bc2873301" testId="a13f9ebe-598f-7f02-ebfd-645d6936da13" testName="MMP.Herald.OSS.Tests.Templating.CamelCasePolicyTests.Resolves_name_per_spec(token: &quot;IPAddress&quot;, argExpr: &quot;ipAddr&quot;, expectedCamel: &quot;iPAddress&quot;)" computerName="BEAST" duration="00:00:00.0000027" startTime="2026-05-24T05:07:28.3931515-05:00" endTime="2026-05-24T05:07:28.3932340-05:00" testType="13cdc9d9-ddb5-4fa4-a97d-d965ccfc6d4b" outcome="Passed" testListId="8c84fa94-04c1-424b-9868-57a2d4851a1d" relativeResultsDirectory="e0121dd3-89f7-412b-9a8c-851bc2873301" />
    <UnitTestResult executionId="aedf03bd-a327-4170-aa74-10085f2d91bb" testId="663fff24-e185-4a41-8489-9da39ca155c7" testName="MMP.Herald.OSS.Tests.Quick.QuickLogBuilderNamingPolicyTests.WithNamingPolicy_sets_and_GetNamingPolicy_reads" computerName="BEAST" duration="00:00:00.0000974" startTime="2026-05-24T05:07:38.0791550-05:00" endTime="2026-05-24T05:07:38.0791927-05:00" testType="13cdc9d9-ddb5-4fa4-a97d-d965ccfc6d4b" outcome="Passed" testListId="8c84fa94-04c1-424b-9868-57a2d4851a1d" relativeResultsDirectory="aedf03bd-a327-4170-aa74-10085f2d91bb" />
    <UnitTestResult executionId="9bbc2499-05e2-49d7-959a-8e2c75a16c72" testId="9d812eea-cce6-d5fc-917a-26591913c599" testName="MMP.Herald.OSS.Tests.Addons.ManagementApi.AuthorizationDecisionShapeTests.AuthorizationDecision_Deny_carries_kind_and_facts_through_unchanged" computerName="BEAST" duration="00:00:00.0005618" startTime="2026-05-24T05:07:28.3589037-05:00" endTime="2026-05-24T05:07:28.3591133-05:00" testType="13cdc9d9-ddb5-4fa4-a97d-d965ccfc6d4b" outcome="Passed" testListId="8c84fa94-04c1-424b-9868-57a2d4851a1d" relativeResultsDirectory="9bbc2499-05e2-49d7-959a-8e2c75a16c72" />
    <UnitTestResult executionId="e6d11f4a-e3ec-4aa5-93e7-d169e8c5e5e5" testId="cff477b8-0732-1173-5610-ae4ae72665c2" testName="MMP.Herald.OSS.Tests.Pipeline.KernelFanOutFailureIsolationTests.Many_throwing_middle_sink_does_not_block_peers" computerName="BEAST" duration="00:00:00.0218197" startTime="2026-05-24T05:07:28.1882451-05:00" endTime="2026-05-24T05:07:28.1954738-05:00" testType="13cdc9d9-ddb5-4fa4-a97d-d965ccfc6d4b" outcome="Passed" testListId="8c84fa94-04c1-424b-9868-57a2d4851a1d" relativeResultsDirectory="e6d11f4a-e3ec-4aa5-93e7-d169e8c5e5e5" />
    <UnitTestResult executionId="45db1672-4139-41ac-a029-db245fc349ac" testId="8c679d52-b87d-de4a-5599-a60900f2e452" testName="MMP.Herald.OSS.Tests.DetourCSurfaceFillInTests.LoggingJsonSerializer_SingleArgDeserialize_MatchesDefaultTwoArg" computerName="BEAST" duration="00:00:00.1903567" startTime="2026-05-24T05:07:28.1153856-05:00" endTime="2026-05-24T05:07:28.2252851-05:00" testType="13cdc9d9-ddb5-4fa4-a97d-d965ccfc6d4b" outcome="Passed" testListId="8c84fa94-04c1-424b-9868-57a2d4851a1d" relativeResultsDirectory="45db1672-4139-41ac-a029-db245fc349ac" />
    <UnitTestResult executionId="6df653ef-23b4-4702-923a-f9f331b43d53" testId="ceb01d6c-2c7c-accc-65e9-45948621ffe2" testName="MMP.Herald.OSS.Tests.JsonConfig.LoggingJsonSerializerExpandTests.Default_form_prefers_env_var_when_set" computerName="BEAST" duration="00:00:00.0002763" startTime="2026-05-24T05:07:28.4036691-05:00" endTime="2026-05-24T05:07:28.4037223-05:00" testType="13cdc9d9-ddb5-4fa4-a97d-d965ccfc6d4b" outcome="Passed" testListId="8c84fa94-04c1-424b-9868-57a2d4851a1d" relativeResultsDirectory="6df653ef-23b4-4702-923a-f9f331b43d53" />
    <UnitTestResult executionId="99b12429-1937-4b5d-b402-f89ee4cc46a2" testId="7a710e23-d250-4b1b-a5d1-361832afa7ae" testName="MMP.Herald.OSS.Tests.Quick.QuickLogBuilderNamingPolicyTests.FromConfiguration_unknown_namingPolicy_throws_UnknownNamingPolicyException" computerName="BEAST" duration="00:00:00.0015104" startTime="2026-05-24T05:07:38.0750159-05:00" endTime="2026-05-24T05:07:38.0765014-05:00" testType="13cdc9d9-ddb5-4fa4-a97d-d965ccfc6d4b" outcome="Passed" testListId="8c84fa94-04c1-424b-9868-57a2d4851a1d" relativeResultsDirectory="99b12429-1937-4b5d-b402-f89ee4cc46a2" />
    <UnitTestResult executionId="e33f7a38-6f90-480f-ad80-3f6bbea38747" testId="ca0d2fd9-4344-9703-5f82-ee6185e09590" testName="MMP.Herald.OSS.Tests.Pipeline.StructuredLoggerPascalDefaultTests.Camel_policy_camelcases_the_template_token" computerName="BEAST" duration="00:00:00.0008197" startTime="2026-05-24T05:07:38.0824946-05:00" endTime="2026-05-24T05:07:38.0832960-05:00" testType="13cdc9d9-ddb5-4fa4-a97d-d965ccfc6d4b" outcome="Passed" testListId="8c84fa94-04c1-424b-9868-57a2d4851a1d" relativeResultsDirectory="e33f7a38-6f90-480f-ad80-3f6bbea38747" />
    <UnitTestResult executionId="fd4797ba-548e-43c1-a57e-b70726a9f2eb" testId="d9711fec-844e-db10-d68d-f009bfceb9f8" testName="MMP.Herald.OSS.Tests.Templating.NameResolverCacheTests.Different_templates_get_independent_cache_entries" computerName="BEAST" duration="00:00:00.0001279" startTime="2026-05-24T05:07:38.0879568-05:00" endTime="2026-05-24T05:07:38.0880452-05:00" testType="13cdc9d9-ddb5-4fa4-a97d-d965ccfc6d4b" outcome="Passed" testListId="8c84fa94-04c1-424b-9868-57a2d4851a1d" relativeResultsDirectory="fd4797ba-548e-43c1-a57e-b70726a9f2eb" />
    <UnitTestResult executionId="f1f2174c-c047-452f-a220-37a314104c6d" testId="377a40e7-d8d0-292f-2d8c-fbca441812eb" testName="MMP.Herald.OSS.Tests.HeraldCapabilityGateTests.OnCapabilityChecked_fires_on_success_path" computerName="BEAST" duration="00:00:00.1092431" startTime="2026-05-24T05:07:28.1411344-05:00" endTime="2026-05-24T05:07:28.1894783-05:00" testType="13cdc9d9-ddb5-4fa4-a97d-d965ccfc6d4b" outcome="Passed" testListId="8c84fa94-04c1-424b-9868-57a2d4851a1d" relativeResultsDirectory="f1f2174c-c047-452f-a220-37a314104c6d" />
    <UnitTestResult executionId="ad081975-ee51-4ad7-8663-bb89863f4790" testId="28726776-f49b-3b7e-7512-a86e2ab24f20" testName="MMP.Herald.OSS.Tests.Otlp.OtelLogRecordExceptionTests.Inner_exception_appears_in_stacktrace" computerName="BEAST" duration="00:00:00.0003845" startTime="2026-05-24T05:07:28.1046788-05:00" endTime="2026-05-24T05:07:28.1081010-05:00" testType="13cdc9d9-ddb5-4fa4-a97d-d965ccfc6d4b" outcome="Passed" testListId="8c84fa94-04c1-424b-9868-57a2d4851a1d" relativeResultsDirectory="ad081975-ee51-4ad7-8663-bb89863f4790" />
    <UnitTestResult executionId="7b0f7eaa-bb60-43fb-a3aa-78856ec0f913" testId="8f4dc4ca-e4fe-48e5-1a05-5dd8fb64a8f3" testName="MMP.Herald.OSS.Tests.Quick.HeraldTenantAdmissionPolicyTests.Default_tenant_path_invokes_policy_too" computerName="BEAST" duration="00:00:00.0009886" startTime="2026-05-24T05:07:28.3660145-05:00" endTime="2026-05-24T05:07:28.3669042-05:00" testType="13cdc9d9-ddb5-4fa4-a97d-d965ccfc6d4b" outcome="Passed" testListId="8c84fa94-04c1-424b-9868-57a2d4851a1d" relativeResultsDirectory="7b0f7eaa-bb60-43fb-a3aa-78856ec0f913" />
    <UnitTestResult executionId="5dee2ec8-0324-4e5f-9879-cde4affbe6b8" testId="9d58e2ab-01bc-47fb-2019-0eeef8f879ca" testName="MMP.Herald.OSS.Tests.PipelineStrategyTests.ComponentLifecycleStateTests.Active_is_the_default_zero_value" computerName="BEAST" duration="00:00:00.0003995" startTime="2026-05-24T05:07:28.0896055-05:00" endTime="2026-05-24T05:07:28.0898739-05:00" testType="13cdc9d9-ddb5-4fa4-a97d-d965ccfc6d4b" outcome="Passed" testListId="8c84fa94-04c1-424b-9868-57a2d4851a1d" relativeResultsDirectory="5dee2ec8-0324-4e5f-9879-cde4affbe6b8" />
    <UnitTestResult executionId="5f9556f2-2acf-4cfa-a438-a30bdad1dc2e" testId="60c0b479-f561-6716-da67-6070ccac63f0" testName="MMP.Herald.OSS.Tests.Pipeline.Kernel.GenSourceGatedSinkTests.IsAccepted_reference_path_uses_reference_equality" computerName="BEAST" duration="00:00:00.0002955" startTime="2026-05-24T05:07:28.2149190-05:00" endTime="2026-05-24T05:07:28.2151615-05:00" testType="13cdc9d9-ddb5-4fa4-a97d-d965ccfc6d4b" outcome="Passed" testListId="8c84fa94-04c1-424b-9868-57a2d4851a1d" relativeResultsDirectory="5f9556f2-2acf-4cfa-a438-a30bdad1dc2e" />
    <UnitTestResult executionId="ae97a09b-6f74-4b54-b7c4-73c0c7a0a5b9" testId="ba2ce354-b949-ebb6-7817-bb1af507e29e" testName="MMP.Herald.OSS.Tests.Pipeline.StructuredLoggerPascalDefaultTests.Snake_policy_emits_snake_case_property_names" computerName="BEAST" duration="00:00:00.0009024" startTime="2026-05-24T05:07:38.0793672-05:00" endTime="2026-05-24T05:07:38.0803080-05:00" testType="13cdc9d9-ddb5-4fa4-a97d-d965ccfc6d4b" outcome="Passed" testListId="8c84fa94-04c1-424b-9868-57a2d4851a1d" relativeResultsDirectory="ae97a09b-6f74-4b54-b7c4-73c0c7a0a5b9" />
    <UnitTestResult executionId="218cd206-cc70-4efb-95d7-513d8074b25c" testId="ce98c983-c334-4882-1b64-74820bf8caac" testName="MMP.Herald.OSS.Tests.Pipeline.ComponentMetadataCapabilityTests.Default_LifecycleState_is_Active" computerName="BEAST" duration="00:00:00.0004443" startTime="2026-05-24T05:07:28.1014463-05:00" endTime="2026-05-24T05:07:28.1015093-05:00" testType="13cdc9d9-ddb5-4fa4-a97d-d965ccfc6d4b" outcome="Passed" testListId="8c84fa94-04c1-424b-9868-57a2d4851a1d" relativeResultsDirectory="218cd206-cc70-4efb-95d7-513d8074b25c" />
    <UnitTestResult executionId="cab332fb-78ec-4b8e-857b-154d1609eb0f" testId="f799ef7c-9f0e-7288-729e-94ad3491df42" testName="MMP.Herald.OSS.Tests.Addons.ManagementApi.HttpHeaderSanitizerTests.Sanitize_returns_null_for_empty_input" computerName="BEAST" duration="00:00:00.0010548" startTime="2026-05-24T05:07:28.1362675-05:00" endTime="2026-05-24T05:07:28.1364637-05:00" testType="13cdc9d9-ddb5-4fa4-a97d-d965ccfc6d4b" outcome="Passed" testListId="8c84fa94-04c1-424b-9868-57a2d4851a1d" relativeResultsDirectory="cab332fb-78ec-4b8e-857b-154d1609eb0f" />
    <UnitTestResult executionId="5671cf37-a0de-4475-b8a6-2eec5d67232a" testId="e475775f-b78d-23dc-18cb-975ee16ec0ca" testName="MMP.Herald.OSS.Tests.Pipeline.StructuredLoggerPascalDefaultTests.Diagnostics_record_cache_hit_after_repeated_dispatch_on_same_template" computerName="BEAST" duration="00:00:00.0009329" startTime="2026-05-24T05:07:38.0811292-05:00" endTime="2026-05-24T05:07:38.0820009-05:00" testType="13cdc9d9-ddb5-4fa4-a97d-d965ccfc6d4b" outcome="Passed" testListId="8c84fa94-04c1-424b-9868-57a2d4851a1d" relativeResultsDirectory="5671cf37-a0de-4475-b8a6-2eec5d67232a" />
    <UnitTestResult executionId="28376dec-5e83-4321-ac68-8e3f4500d79b" testId="4d46ca09-6562-a729-6bf9-da510b7d3914" testName="MMP.Herald.OSS.Tests.Templating.SnakeCasePolicyTests.Id_is_snake" computerName="BEAST" duration="00:00:00.0003919" startTime="2026-05-24T05:07:28.3090199-05:00" endTime="2026-05-24T05:07:28.3092719-05:00" testType="13cdc9d9-ddb5-4fa4-a97d-d965ccfc6d4b" outcome="Passed" testListId="8c84fa94-04c1-424b-9868-57a2d4851a1d" relativeResultsDirectory="28376dec-5e83-4321-ac68-8e3f4500d79b" />
    <UnitTestResult executionId="946c16a7-7ffc-42d6-91aa-484e9359a521" testId="76146549-c99d-afba-085e-3d0798289752" testName="MMP.Herald.OSS.Tests.Templating.SnakeCasePolicyTests.Resolves_token_per_spec(token: &quot;__user&quot;, argExpr: &quot;userId&quot;, expectedSnake: &quot;__user&quot;)" computerName="BEAST" duration="00:00:00.0000067" startTime="2026-05-24T05:07:28.3117412-05:00" endTime="2026-05-24T05:07:28.3117678-05:00" testType="13cdc9d9-ddb5-4fa4-a97d-d965ccfc6d4b" outcome="Passed" testListId="8c84fa94-04c1-424b-9868-57a2d4851a1d" relativeResultsDirectory="946c16a7-7ffc-42d6-91aa-484e9359a521" />
    <UnitTestResult executionId="3d8b42f7-cb7c-4e69-8590-4c6d6f8cf887" testId="b1d514d7-cdcb-5c09-7850-175688aa0dc4" testName="MMP.Herald.OSS.Tests.Diagnostics.HeraldRuntimeMessagesTests.Tenant_defaults_to_null_for_legacy_publish_overloads" computerName="BEAST" duration="00:00:00.0269685" startTime="2026-05-24T05:07:27.9700377-05:00" endTime="2026-05-24T05:07:28.0404840-05:00" testType="13cdc9d9-ddb5-4fa4-a97d-d965ccfc6d4b" outcome="Passed" testListId="8c84fa94-04c1-424b-9868-57a2d4851a1d" relativeResultsDirectory="3d8b42f7-cb7c-4e69-8590-4c6d6f8cf887" />
    <UnitTestResult executionId="b28e9599-6d6a-46a1-bca9-3207548ca620" testId="d403e3ea-25f6-c727-d4f6-3893cba5ca72" testName="MMP.Herald.OSS.Tests.Templating.CamelCasePolicyTests.Resolves_name_per_spec(token: &quot;user_id&quot;, argExpr: &quot;userId&quot;, expectedCamel: &quot;user_id&quot;)" computerName="BEAST" duration="00:00:00.0000026" startTime="2026-05-24T05:07:28.3935723-05:00" endTime="2026-05-24T05:07:28.3936115-05:00" testType="13cdc9d9-ddb5-4fa4-a97d-d965ccfc6d4b" outcome="Passed" testListId="8c84fa94-04c1-424b-9868-57a2d4851a1d" relativeResultsDirectory="b28e9599-6d6a-46a1-bca9-3207548ca620" />
    <UnitTestResult executionId="7dfac42b-8cdc-4ae5-bafd-2c12fa5679eb" testId="756c9429-6a1f-41cd-6453-390a3562cf2d" testName="MMP.Herald.OSS.Tests.Generators.CompileTimeNameResolverTests.Resolve_matches_fixture(row: Row { Description = Snake: format spec stripped (UserId:N0 -&gt; user_id), Template = {UserId:N0}, CaeNames = System.String[], PolicyId = snake, Expected = System.String[], RuntimeOnly = False })" computerName="BEAST" duration="00:00:00.0000048" startTime="2026-05-24T05:07:28.1551392-05:00" endTime="2026-05-24T05:07:28.1551764-05:00" testType="13cdc9d9-ddb5-4fa4-a97d-d965ccfc6d4b" outcome="Passed" testListId="8c84fa94-04c1-424b-9868-57a2d4851a1d" relativeResultsDirectory="7dfac42b-8cdc-4ae5-bafd-2c12fa5679eb" />
    <UnitTestResult executionId="2ed3fa7f-4911-4fdb-a496-92a4d9a0697f" testId="20feac11-0005-8b4d-5dad-373535f44b9b" testName="MMP.Herald.OSS.Tests.Diagnostics.HeraldRuntimeMessagesTests.Publish_with_null_properties_yields_empty_property_list" computerName="BEAST" duration="00:00:00.0022264" startTime="2026-05-24T05:07:28.1166706-05:00" endTime="2026-05-24T05:07:28.1169024-05:00" testType="13cdc9d9-ddb5-4fa4-a97d-d965ccfc6d4b" outcome="Passed" testListId="8c84fa94-04c1-424b-9868-57a2d4851a1d" relativeResultsDirectory="2ed3fa7f-4911-4fdb-a496-92a4d9a0697f" />
    <UnitTestResult executionId="7065f5ee-ce11-41b0-9ff2-8501748892c5" testId="b22766d5-323d-5909-38fa-af7b6ed3007b" testName="MMP.Herald.OSS.Tests.HeraldVersionCapabilitiesTests.CapabilityResolver_default_returns_process_global_for_every_tenant" computerName="BEAST" duration="00:00:00.0003874" startTime="2026-05-24T05:07:28.1119402-05:00" endTime="2026-05-24T05:07:28.1119888-05:00" testType="13cdc9d9-ddb5-4fa4-a97d-d965ccfc6d4b" outcome="Passed" testListId="8c84fa94-04c1-424b-9868-57a2d4851a1d" relativeResultsDirectory="7065f5ee-ce11-41b0-9ff2-8501748892c5" />
    <UnitTestResult executionId="44722688-4c03-4e42-a685-968ef889c0be" testId="742b0cef-d323-117c-4287-b299912660cc" testName="MMP.Herald.OSS.Tests.Templating.PascalCasePolicyTests.Resolves_token_per_spec(token: &quot;X&quot;, argExpr: &quot;x&quot;, expectedPascal: &quot;X&quot;)" computerName="BEAST" duration="00:00:00.0000099" startTime="2026-05-24T05:07:28.1434789-05:00" endTime="2026-05-24T05:07:28.1435225-05:00" testType="13cdc9d9-ddb5-4fa4-a97d-d965ccfc6d4b" outcome="Passed" testListId="8c84fa94-04c1-424b-9868-57a2d4851a1d" relativeResultsDirectory="44722688-4c03-4e42-a685-968ef889c0be" />
    <UnitTestResult executionId="c031e859-2492-4168-ba2e-80061d6d1697" testId="d86ec8b7-941f-e355-b9b6-06d50d93635a" testName="MMP.Herald.OSS.Tests.JsonConfig.LoggingJsonSerializerExpandTests.Unresolved_required_token_throws_with_name_in_message" computerName="BEAST" duration="00:00:00.0009119" startTime="2026-05-24T05:07:28.4013015-05:00" endTime="2026-05-24T05:07:28.4019199-05:00" testType="13cdc9d9-ddb5-4fa4-a97d-d965ccfc6d4b" outcome="Passed" testListId="8c84fa94-04c1-424b-9868-57a2d4851a1d" relativeResultsDirectory="c031e859-2492-4168-ba2e-80061d6d1697" />
    <UnitTestResult executionId="a7e5fc9e-1710-480c-abe2-6d10815e4239" testId="e66ce3d1-43e2-0080-b6c9-fd1ba0292bc9" testName="MMP.Herald.OSS.Tests.Templating.PascalCasePolicyTests.Returned_array_has_one_entry_per_arg_slot" computerName="BEAST" duration="00:00:00.0004401" startTime="2026-05-24T05:07:28.1457416-05:00" endTime="2026-05-24T05:07:28.1457745-05:00" testType="13cdc9d9-ddb5-4fa4-a97d-d965ccfc6d4b" outcome="Passed" testListId="8c84fa94-04c1-424b-9868-57a2d4851a1d" relativeResultsDirectory="a7e5fc9e-1710-480c-abe2-6d10815e4239" />
    <UnitTestResult executionId="602a6647-60c1-40bb-8e0f-6d82fc2504d3" testId="e66c5158-ecf6-a9bd-ec30-f68fbe51448a" testName="MMP.Herald.OSS.Tests.Diagnostics.BoundedNoticeBufferTests.Enqueue_below_capacity_appends_and_does_not_evict" computerName="BEAST" duration="00:00:00.0003486" startTime="2026-05-24T05:07:28.3869506-05:00" endTime="2026-05-24T05:07:28.3869933-05:00" testType="13cdc9d9-ddb5-4fa4-a97d-d965ccfc6d4b" outcome="Passed" testListId="8c84fa94-04c1-424b-9868-57a2d4851a1d" relativeResultsDirectory="602a6647-60c1-40bb-8e0f-6d82fc2504d3" />
    <UnitTestResult executionId="30cc65a6-b7c6-4db2-bd42-5a0cbef942ba" testId="b170beb7-3ebf-655c-bf0e-6fced813059d" testName="MMP.Herald.OSS.Tests.Addons.ManagementApi.OnAuthorizationDeniedEventTests.Event_decision_carries_facts_dictionary_through_to_subscribers" computerName="BEAST" duration="00:00:00.0024983" startTime="2026-05-24T05:07:28.3133310-05:00" endTime="2026-05-24T05:07:28.3269851-05:00" testType="13cdc9d9-ddb5-4fa4-a97d-d965ccfc6d4b" outcome="Passed" testListId="8c84fa94-04c1-424b-9868-57a2d4851a1d" relativeResultsDirectory="30cc65a6-b7c6-4db2-bd42-5a0cbef942ba" />
    <UnitTestResult executionId="755ca3f9-4785-47f0-a42b-5e3273b0b2bf" testId="66f90972-d4ab-b210-73dc-6793624cf201" testName="MMP.Herald.OSS.Tests.Addons.ManagementApi.HttpHeaderSanitizerTests.Sanitize_returns_null_when_every_entry_is_invalid" computerName="BEAST" duration="00:00:00.0002642" startTime="2026-05-24T05:07:28.1389956-05:00" endTime="2026-05-24T05:07:28.1390342-05:00" testType="13cdc9d9-ddb5-4fa4-a97d-d965ccfc6d4b" outcome="Passed" testListId="8c84fa94-04c1-424b-9868-57a2d4851a1d" relativeResultsDirectory="755ca3f9-4785-47f0-a42b-5e3273b0b2bf" />
    <UnitTestResult executionId="e8ae08b6-3aa5-4b74-84c9-7c2910ba4e32" testId="fdfb35fc-8aab-95fa-ae7d-523528fb1af8" testName="MMP.Herald.OSS.Tests.Bootstrap.HotReloadIntegrationTests.Dispose_after_normal_reload_completes_without_pending" computerName="BEAST" duration="00:00:00.0009146" startTime="2026-05-24T05:07:30.4750747-05:00" endTime="2026-05-24T05:07:30.4751190-05:00" testType="13cdc9d9-ddb5-4fa4-a97d-d965ccfc6d4b" outcome="Passed" testListId="8c84fa94-04c1-424b-9868-57a2d4851a1d" relativeResultsDirectory="e8ae08b6-3aa5-4b74-84c9-7c2910ba4e32" />
    <UnitTestResult executionId="dabb8ae6-6886-47c1-a491-d4c80579d649" testId="28d081d4-387d-18e4-a9e6-28ed0e9bdb2a" testName="MMP.Herald.OSS.Tests.Diagnostics.HeraldRuntimeMessagesTests.Static_facade_forwards_to_default_host" computerName="BEAST" duration="00:00:00.0001593" startTime="2026-05-24T05:07:28.1483283-05:00" endTime="2026-05-24T05:07:28.1483664-05:00" testType="13cdc9d9-ddb5-4fa4-a97d-d965ccfc6d4b" outcome="Passed" testListId="8c84fa94-04c1-424b-9868-57a2d4851a1d" relativeResultsDirectory="dabb8ae6-6886-47c1-a491-d4c80579d649" />
    <UnitTestResult executionId="db1a4dc3-c0ba-4997-9717-28df10e8f076" testId="756c9429-6a1f-41cd-6453-390a3562cf2d" testName="MMP.Herald.OSS.Tests.Generators.CompileTimeNameResolverTests.Resolve_matches_fixture(row: Row { Description = Snake: two tokens snake_cased, Template = {UserId} bought {ItemCount}, CaeNames = System.String[], PolicyId = snake, Expected = System.String[], RuntimeOnly = False })" computerName="BEAST" duration="00:00:00.0000078" startTime="2026-05-24T05:07:28.1507815-05:00" endTime="2026-05-24T05:07:28.1508141-05:00" testType="13cdc9d9-ddb5-4fa4-a97d-d965ccfc6d4b" outcome="Passed" testListId="8c84fa94-04c1-424b-9868-57a2d4851a1d" relativeResultsDirectory="db1a4dc3-c0ba-4997-9717-28df10e8f076" />
    <UnitTestResult executionId="27770ddf-cf41-485d-8972-fbb428cff70f" testId="ae895628-357e-1556-c2d4-6d74a801b103" testName="MMP.Herald.OSS.Tests.Pipeline.KernelFanOutFailureIsolationTests.Single_throwing_sink_does_not_propagate_to_caller" computerName="BEAST" duration="00:00:00.0012322" startTime="2026-05-24T05:07:28.1991624-05:00" endTime="2026-05-24T05:07:28.2004894-05:00" testType="13cdc9d9-ddb5-4fa4-a97d-d965ccfc6d4b" outcome="Passed" testListId="8c84fa94-04c1-424b-9868-57a2d4851a1d" relativeResultsDirectory="27770ddf-cf41-485d-8972-fbb428cff70f" />
    <UnitTestResult executionId="e7a587ea-a9db-4d29-a328-6a304c6eb0d7" testId="6e7069f1-5001-df39-830d-6fbf411e3f4d" testName="MMP.Herald.OSS.Tests.Generators.HeraldLogGeneratorGoldenTests.HeraldLog_method_generates_body_with_level_check_and_log_call" computerName="BEAST" duration="00:00:00.1032193" startTime="2026-05-24T05:07:28.9100030-05:00" endTime="2026-05-24T05:07:29.0130766-05:00" testType="13cdc9d9-ddb5-4fa4-a97d-d965ccfc6d4b" outcome="Passed" testListId="8c84fa94-04c1-424b-9868-57a2d4851a1d" relativeResultsDirectory="e7a587ea-a9db-4d29-a328-6a304c6eb0d7" />
    <UnitTestResult executionId="cfefa0a5-468c-4651-b41d-c2b9fed2e690" testId="b8dcf189-faf6-be09-955f-0db423d9b25e" testName="MMP.Herald.OSS.Tests.Diagnostics.BoundedNoticeBufferTests.Capacity_exposes_constructor_argument" computerName="BEAST" duration="00:00:00.0003021" startTime="2026-05-24T05:07:28.3865325-05:00" endTime="2026-05-24T05:07:28.3866986-05:00" testType="13cdc9d9-ddb5-4fa4-a97d-d965ccfc6d4b" outcome="Passed" testListId="8c84fa94-04c1-424b-9868-57a2d4851a1d" relativeResultsDirectory="cfefa0a5-468c-4651-b41d-c2b9fed2e690" />
    <UnitTestResult executionId="4a7b478e-7ecd-4d5d-9455-1d04bf366d5b" testId="880eed2f-aef3-51a0-0c85-1e8ca5135d63" testName="MMP.Herald.OSS.Tests.Pipeline.StructuredLoggerNamingPolicyTests.WithContext_child_has_independent_diagnostics_from_parent" computerName="BEAST" duration="00:00:00.0003611" startTime="2026-05-24T05:07:38.9101749-05:00" endTime="2026-05-24T05:07:38.9105232-05:00" testType="13cdc9d9-ddb5-4fa4-a97d-d965ccfc6d4b" outcome="Passed" testListId="8c84fa94-04c1-424b-9868-57a2d4851a1d" relativeResultsDirectory="4a7b478e-7ecd-4d5d-9455-1d04bf366d5b" />
    <UnitTestResult executionId="e0ab9bfa-b062-41ec-944d-07a17c2ff88e" testId="72dabc4a-8b31-970f-19cf-af093fa2e247" testName="MMP.Herald.OSS.Tests.Failures.DiagnosticLogFailureSinkTests.GetEntries_returns_records_in_oldest_first_order" computerName="BEAST" duration="00:00:00.0008603" startTime="2026-05-24T05:07:28.1207907-05:00" endTime="2026-05-24T05:07:28.1209009-05:00" testType="13cdc9d9-ddb5-4fa4-a97d-d965ccfc6d4b" outcome="Passed" testListId="8c84fa94-04c1-424b-9868-57a2d4851a1d" relativeResultsDirectory="e0ab9bfa-b062-41ec-944d-07a17c2ff88e" />
    <UnitTestResult executionId="ad889f3b-13fe-498d-93b6-ff65596ea1d1" testId="b34d33fd-b661-fa17-5965-e14ca1cb8355" testName="MMP.Herald.OSS.Tests.Pipeline.LogCallShapesTests.Categoryfirst_typed_args_arity_4_routes_named_category" computerName="BEAST" duration="00:00:00.0012195" startTime="2026-05-24T05:07:38.0351937-05:00" endTime="2026-05-24T05:07:38.0363645-05:00" testType="13cdc9d9-ddb5-4fa4-a97d-d965ccfc6d4b" outcome="Passed" testListId="8c84fa94-04c1-424b-9868-57a2d4851a1d" relativeResultsDirectory="ad889f3b-13fe-498d-93b6-ff65596ea1d1" />
    <UnitTestResult executionId="5f8a1aa2-90ce-4be1-a0fe-043d5b46961e" testId="68ba5e95-2f49-5c68-e64e-95ac21280f2e" testName="MMP.Herald.OSS.Tests.Pipeline.Kernel.GenSourceGatedSinkTests.Wrap_returns_plain_gate_for_non_kernel_inner" computerName="BEAST" duration="00:00:00.0006433" startTime="2026-05-24T05:07:28.2043823-05:00" endTime="2026-05-24T05:07:28.2049232-05:00" testType="13cdc9d9-ddb5-4fa4-a97d-d965ccfc6d4b" outcome="Passed" testListId="8c84fa94-04c1-424b-9868-57a2d4851a1d" relativeResultsDirectory="5f8a1aa2-90ce-4be1-a0fe-043d5b46961e" />
    <UnitTestResult executionId="3477ee77-381f-4eea-9e3c-0fcd998ee8f3" testId="e824e92a-2f20-1193-93dc-84271d332c3a" testName="MMP.Herald.OSS.Tests.Quick.QuickLogBuilderNamingPolicyTests.BuildJsonConfig_emits_null_namingPolicy_when_unset" computerName="BEAST" duration="00:00:00.0003022" startTime="2026-05-24T05:07:38.0770601-05:00" endTime="2026-05-24T05:07:38.0773121-05:00" testType="13cdc9d9-ddb5-4fa4-a97d-d965ccfc6d4b" outcome="Passed" testListId="8c84fa94-04c1-424b-9868-57a2d4851a1d" relativeResultsDirectory="3477ee77-381f-4eea-9e3c-0fcd998ee8f3" />
    <UnitTestResult executionId="182f6017-fa27-466b-abe3-b8761ce193b7" testId="5a7c1389-7cb6-bcd7-c8ce-d9c766fb7df7" testName="MMP.Herald.OSS.Tests.PipelineStrategyTests.KnownSinkCapabilityTests.Built_in_sinks_have_empty_RequiredCapabilities" computerName="BEAST" duration="00:00:00.0003263" startTime="2026-05-24T05:07:28.1465138-05:00" endTime="2026-05-24T05:07:28.1465446-05:00" testType="13cdc9d9-ddb5-4fa4-a97d-d965ccfc6d4b" outcome="Passed" testListId="8c84fa94-04c1-424b-9868-57a2d4851a1d" relativeResultsDirectory="182f6017-fa27-466b-abe3-b8761ce193b7" />
    <UnitTestResult executionId="6de39ccc-9c5d-4da2-9787-4a6a04efa2e7" testId="20e62fdf-d500-ad1c-f52f-abd8314fb472" testName="MMP.Herald.OSS.Tests.Templating.PolicyResolveAllFixtureTests.ResolveAll_matches_fixture(row: Row { Description = Camel: empty CAE + empty token falls back to argN (runtime-only), Template = static text, CaeNames = System.String[], PolicyId = camel, Expected = System.String[], RuntimeOnly = True })" computerName="BEAST" duration="00:00:00.0000090" startTime="2026-05-24T05:07:28.1054299-05:00" endTime="2026-05-24T05:07:28.1054647-05:00" testType="13cdc9d9-ddb5-4fa4-a97d-d965ccfc6d4b" outcome="Passed" testListId="8c84fa94-04c1-424b-9868-57a2d4851a1d" relativeResultsDirectory="6de39ccc-9c5d-4da2-9787-4a6a04efa2e7" />
    <UnitTestResult executionId="1ed11c10-91e6-4b4d-a9c4-2c2cf32328af" testId="32f83439-7afd-5a2d-314a-26e9da32df34" testName="MMP.Herald.OSS.Tests.CapabilityRequirementTests.Collection_expression_with_string_literals_compiles" computerName="BEAST" duration="00:00:00.0002938" startTime="2026-05-24T05:07:28.1627022-05:00" endTime="2026-05-24T05:07:28.1628843-05:00" testType="13cdc9d9-ddb5-4fa4-a97d-d965ccfc6d4b" outcome="Passed" testListId="8c84fa94-04c1-424b-9868-57a2d4851a1d" relativeResultsDirectory="1ed11c10-91e6-4b4d-a9c4-2c2cf32328af" />
    <UnitTestResult executionId="3b23776d-d129-43ca-945f-4788124986d2" testId="ebd65a27-1c75-30f4-4d31-8bd08a2361b7" testName="MMP.Herald.OSS.Tests.Templating.PascalCasePolicyTests.Resolves_token_per_spec(token: &quot;userIDValue&quot;, argExpr: &quot;v&quot;, expectedPascal: &quot;UserIDValue&quot;)" computerName="BEAST" duration="00:00:00.0000089" startTime="2026-05-24T05:07:28.1432694-05:00" endTime="2026-05-24T05:07:28.1433394-05:00" testType="13cdc9d9-ddb5-4fa4-a97d-d965ccfc6d4b" outcome="Passed" testListId="8c84fa94-04c1-424b-9868-57a2d4851a1d" relativeResultsDirectory="3b23776d-d129-43ca-945f-4788124986d2" />
    <UnitTestResult executionId="ecd87421-77a7-490e-9f34-f1283c4086c2" testId="30300f56-eb47-fc07-be56-13c799e95de7" testName="MMP.Herald.OSS.Tests.Diagnostics.HeraldRuntimeMessagesTests.OnNoticeDropped_does_not_fire_when_buffer_has_room" computerName="BEAST" duration="00:00:00.0034767" startTime="2026-05-24T05:07:28.0896438-05:00" endTime="2026-05-24T05:07:28.0975918-05:00" testType="13cdc9d9-ddb5-4fa4-a97d-d965ccfc6d4b" outcome="Passed" testListId="8c84fa94-04c1-424b-9868-57a2d4851a1d" relativeResultsDirectory="ecd87421-77a7-490e-9f34-f1283c4086c2" />
    <UnitTestResult executionId="f157cca7-e41b-4096-9f3a-825a8a78838c" testId="7bf6056d-9fcf-21af-4d91-b5cb2fa34fc2" testName="MMP.Herald.OSS.Tests.Quick.OnTenantLookupMissedEventTests.Scoped_miss_when_default_has_registration_fires_with_scoped_tenant" computerName="BEAST" duration="00:00:00.0014146" startTime="2026-05-24T05:07:28.3437040-05:00" endTime="2026-05-24T05:07:28.3438029-05:00" testType="13cdc9d9-ddb5-4fa4-a97d-d965ccfc6d4b" outcome="Passed" testListId="8c84fa94-04c1-424b-9868-57a2d4851a1d" relativeResultsDirectory="f157cca7-e41b-4096-9f3a-825a8a78838c" />
    <UnitTestResult executionId="7cda318a-1545-4bbb-a2c7-fbaea166a89d" testId="669bcd29-579e-8fe0-7b3a-3ffeb2e0e221" testName="MMP.Herald.OSS.Tests.Quick.HeraldTenantScopeRegistryContractTests.Scoped_register_lands_in_scoped_tenant_bucket_not_default" computerName="BEAST" duration="00:00:00.0009080" startTime="2026-05-24T05:07:28.3560861-05:00" endTime="2026-05-24T05:07:28.3565378-05:00" testType="13cdc9d9-ddb5-4fa4-a97d-d965ccfc6d4b" outcome="Passed" testListId="8c84fa94-04c1-424b-9868-57a2d4851a1d" relativeResultsDirectory="7cda318a-1545-4bbb-a2c7-fbaea166a89d" />
    <UnitTestResult executionId="7dfdbcf9-b341-4bee-8480-76bb9f07b82a" testId="5da52444-7fdb-617b-b8bd-d8ad2dfe3ca4" testName="MMP.Herald.OSS.Tests.Diagnostics.HeraldRuntimeMessagesTests.Publish_with_throwing_subscriber_does_not_propagate_to_caller" computerName="BEAST" duration="00:00:00.0007559" startTime="2026-05-24T05:07:28.1155634-05:00" endTime="2026-05-24T05:07:28.1156009-05:00" testType="13cdc9d9-ddb5-4fa4-a97d-d965ccfc6d4b" outcome="Passed" testListId="8c84fa94-04c1-424b-9868-57a2d4851a1d" relativeResultsDirectory="7dfdbcf9-b341-4bee-8480-76bb9f07b82a" />
    <UnitTestResult executionId="dea8f8ea-0543-4774-b99f-e4352019e8f2" testId="756c9429-6a1f-41cd-6453-390a3562cf2d" testName="MMP.Herald.OSS.Tests.Generators.CompileTimeNameResolverTests.Resolve_matches_fixture(row: Row { Description = Snake: single PascalCase token to snake_case, Template = user {UserId} signed in, CaeNames = System.String[], PolicyId = snake, Expected = System.String[], RuntimeOnly = False })" computerName="BEAST" duration="00:00:00.0005670" startTime="2026-05-24T05:07:28.1505379-05:00" endTime="2026-05-24T05:07:28.1505661-05:00" testType="13cdc9d9-ddb5-4fa4-a97d-d965ccfc6d4b" outcome="Passed" testListId="8c84fa94-04c1-424b-9868-57a2d4851a1d" relativeResultsDirectory="dea8f8ea-0543-4774-b99f-e4352019e8f2" />
    <UnitTestResult executionId="00b3382e-a75f-4fdc-ba41-9ce75f105648" testId="08977aa1-38e9-1db9-fb5a-42fd04187324" testName="MMP.Herald.OSS.Tests.NetworkSinks.NetworkSinkHeadersTests.Env_var_interpolation_resolves_header_values_on_deserialize" computerName="BEAST" duration="00:00:00.0215641" startTime="2026-05-24T05:07:28.2836341-05:00" endTime="2026-05-24T05:07:28.3047242-05:00" testType="13cdc9d9-ddb5-4fa4-a97d-d965ccfc6d4b" outcome="Passed" testListId="8c84fa94-04c1-424b-9868-57a2d4851a1d" relativeResultsDirectory="00b3382e-a75f-4fdc-ba41-9ce75f105648" />
    <UnitTestResult executionId="b535dffc-2ce4-4c33-b8c9-116c133c65fb" testId="c7f78da1-ca51-81db-5106-fb4422ac5f0d" testName="MMP.Herald.OSS.Tests.Pipeline.LogCallShapesTests.Each_level_accepts_categoryless_typed_args(levelKey: &quot;error&quot;)" computerName="BEAST" duration="00:00:00.0009188" startTime="2026-05-24T05:07:38.0453284-05:00" endTime="2026-05-24T05:07:38.0461521-05:00" testType="13cdc9d9-ddb5-4fa4-a97d-d965ccfc6d4b" outcome="Passed" testListId="8c84fa94-04c1-424b-9868-57a2d4851a1d" relativeResultsDirectory="b535dffc-2ce4-4c33-b8c9-116c133c65fb" />
    <UnitTestResult executionId="a9ef2a6f-3eab-48e2-a90d-93f54d6f2673" testId="756c9429-6a1f-41cd-6453-390a3562cf2d" testName="MMP.Herald.OSS.Tests.Generators.CompileTimeNameResolverTests.Resolve_matches_fixture(row: Row { Description = Snake: under-templated falls back to CAE for trailing slot, Template = {A} only, CaeNames = System.String[], PolicyId = snake, Expected = System.String[], RuntimeOnly = False })" computerName="BEAST" duration="00:00:00.0000067" startTime="2026-05-24T05:07:28.1517477-05:00" endTime="2026-05-24T05:07:28.1517996-05:00" testType="13cdc9d9-ddb5-4fa4-a97d-d965ccfc6d4b" outcome="Passed" testListId="8c84fa94-04c1-424b-9868-57a2d4851a1d" relativeResultsDirectory="a9ef2a6f-3eab-48e2-a90d-93f54d6f2673" />
    <UnitTestResult executionId="6a16f51f-692d-4b34-9453-c845e61fc821" testId="4ff2f318-f702-4fdf-b7ea-a0428446ec08" testName="MMP.Herald.OSS.Tests.Addons.ManagementApi.RejectUnconfinedFileSinkPathsTests.Strict_mode_with_no_LogRootDirectory_rejects_file_sink_wiring" computerName="BEAST" duration="00:00:00.0007713" startTime="2026-05-24T05:07:28.3344372-05:00" endTime="2026-05-24T05:07:28.3347513-05:00" testType="13cdc9d9-ddb5-4fa4-a97d-d965ccfc6d4b" outcome="Passed" testListId="8c84fa94-04c1-424b-9868-57a2d4851a1d" relativeResultsDirectory="6a16f51f-692d-4b34-9453-c845e61fc821" />
    <UnitTestResult executionId="3cf8ffbc-30e1-41fd-8ffc-97a7eef78296" testId="cda3ab38-c600-3d11-aae6-2b323c7f62ba" testName="MMP.Herald.OSS.Tests.Pipeline.LevelFilterTests.Events_below_minimum_level_do_not_reach_the_bridge_sink" computerName="BEAST" duration="00:00:00.0036863" startTime="2026-05-24T05:07:28.3083992-05:00" endTime="2026-05-24T05:07:28.3138522-05:00" testType="13cdc9d9-ddb5-4fa4-a97d-d965ccfc6d4b" outcome="Passed" testListId="8c84fa94-04c1-424b-9868-57a2d4851a1d" relativeResultsDirectory="3cf8ffbc-30e1-41fd-8ffc-97a7eef78296" />
    <UnitTestResult executionId="03445ffa-8cf2-4a62-ad17-ec142b817930" testId="d8564979-5860-ba1f-1c72-1234ffcbab31" testName="MMP.Herald.OSS.Tests.Diagnostics.NoticeSeverityTests.Three_canonical_severities_have_ascending_rank" computerName="BEAST" duration="00:00:00.0001638" startTime="2026-05-24T05:07:28.3282668-05:00" endTime="2026-05-24T05:07:28.3284787-05:00" testType="13cdc9d9-ddb5-4fa4-a97d-d965ccfc6d4b" outcome="Passed" testListId="8c84fa94-04c1-424b-9868-57a2d4851a1d" relativeResultsDirectory="03445ffa-8cf2-4a62-ad17-ec142b817930" />
    <UnitTestResult executionId="4368c0ae-ea8d-4d24-be32-a8323de8544f" testId="67d86a88-723f-de4c-8f08-6f8a24f618c3" testName="MMP.Herald.OSS.Tests.JsonConfig.LoggingJsonSerializerExpandTests.Pre_expanded_text_is_a_no_op_on_default_pass" computerName="BEAST" duration="00:00:00.0003279" startTime="2026-05-24T05:07:28.3997880-05:00" endTime="2026-05-24T05:07:28.3999170-05:00" testType="13cdc9d9-ddb5-4fa4-a97d-d965ccfc6d4b" outcome="Passed" testListId="8c84fa94-04c1-424b-9868-57a2d4851a1d" relativeResultsDirectory="4368c0ae-ea8d-4d24-be32-a8323de8544f" />
    <UnitTestResult executionId="344afbb9-c825-4626-a51f-a33c14613738" testId="351b85fe-89a8-acd5-5fb8-dfb340b99c57" testName="MMP.Herald.OSS.Tests.PipelineStrategyTests.PipelineStepCapabilityTests.Register_with_no_caps_adds_step_with_empty_RequiredCapabilities" computerName="BEAST" duration="00:00:00.0002191" startTime="2026-05-24T05:07:28.3307303-05:00" endTime="2026-05-24T05:07:28.3309553-05:00" testType="13cdc9d9-ddb5-4fa4-a97d-d965ccfc6d4b" outcome="Passed" testListId="8c84fa94-04c1-424b-9868-57a2d4851a1d" relativeResultsDirectory="344afbb9-c825-4626-a51f-a33c14613738" />
    <UnitTestResult executionId="16f1ddde-57a8-4a98-82da-3c4b418f72a1" testId="d06c3a61-3716-890e-da69-7516d2d2f624" testName="MMP.Herald.OSS.Tests.Quick.SyncDisposableSinkLifecycleTests.Builder_with_no_sync_resources_yields_null_SyncResources" computerName="BEAST" duration="00:00:00.0002748" startTime="2026-05-24T05:07:28.1468559-05:00" endTime="2026-05-24T05:07:28.1468991-05:00" testType="13cdc9d9-ddb5-4fa4-a97d-d965ccfc6d4b" outcome="Passed" testListId="8c84fa94-04c1-424b-9868-57a2d4851a1d" relativeResultsDirectory="16f1ddde-57a8-4a98-82da-3c4b418f72a1" />
    <UnitTestResult executionId="b6000c9c-ceb2-4964-a293-9e85137a2207" testId="04e1cfac-e54f-89b1-3aa3-62c6bb1418d9" testName="MMP.Herald.OSS.Tests.Addons.ManagementApi.AuthorizationDecisionShapeTests.ManagementResult_Ok_never_carries_a_kind" computerName="BEAST" duration="00:00:00.0002224" startTime="2026-05-24T05:07:28.3992425-05:00" endTime="2026-05-24T05:07:28.3992800-05:00" testType="13cdc9d9-ddb5-4fa4-a97d-d965ccfc6d4b" outcome="Passed" testListId="8c84fa94-04c1-424b-9868-57a2d4851a1d" relativeResultsDirectory="b6000c9c-ceb2-4964-a293-9e85137a2207" />
    <UnitTestResult executionId="8fac09a3-cae1-4337-803f-2140c7e0bd9a" testId="4668087f-3a44-18ad-e5ac-af2e157cd3ef" testName="MMP.Herald.OSS.Tests.CapabilityRequirementTests.Default_System_Text_Json_serialization_has_only_the_Name_field" computerName="BEAST" duration="00:00:00.1345297" startTime="2026-05-24T05:07:28.1116505-05:00" endTime="2026-05-24T05:07:28.1617263-05:00" testType="13cdc9d9-ddb5-4fa4-a97d-d965ccfc6d4b" outcome="Passed" testListId="8c84fa94-04c1-424b-9868-57a2d4851a1d" relativeResultsDirectory="8fac09a3-cae1-4337-803f-2140c7e0bd9a" />
    <UnitTestResult executionId="d38ee16c-7f6b-45ea-999b-0bd5782e3ae4" testId="4ba0d0f4-6b61-c5f5-23ed-620627ad6863" testName="MMP.Herald.OSS.Tests.Diagnostics.HeraldRuntimeMessagesTests.OnNotice_unsubscribe_stops_delivery_to_that_handler" computerName="BEAST" duration="00:00:00.0003934" startTime="2026-05-24T05:07:28.1487107-05:00" endTime="2026-05-24T05:07:28.1487461-05:00" testType="13cdc9d9-ddb5-4fa4-a97d-d965ccfc6d4b" outcome="Passed" testListId="8c84fa94-04c1-424b-9868-57a2d4851a1d" relativeResultsDirectory="d38ee16c-7f6b-45ea-999b-0bd5782e3ae4" />
    <UnitTestResult executionId="5350cd57-a01a-444e-a69f-7b02894aad65" testId="6e250459-2a37-1379-8f63-974ef668bcd2" testName="MMP.Herald.OSS.Tests.Templating.SnakeCasePolicyTests.Resolves_token_per_spec(token: &quot;IPAddress&quot;, argExpr: &quot;ipAddr&quot;, expectedSnake: &quot;ip_address&quot;)" computerName="BEAST" duration="00:00:00.0000078" startTime="2026-05-24T05:07:28.3111115-05:00" endTime="2026-05-24T05:07:28.3111654-05:00" testType="13cdc9d9-ddb5-4fa4-a97d-d965ccfc6d4b" outcome="Passed" testListId="8c84fa94-04c1-424b-9868-57a2d4851a1d" relativeResultsDirectory="5350cd57-a01a-444e-a69f-7b02894aad65" />
    <UnitTestResult executionId="95d1adfb-20f8-4740-b1a4-84698ce97b1a" testId="756c9429-6a1f-41cd-6453-390a3562cf2d" testName="MMP.Herald.OSS.Tests.Generators.CompileTimeNameResolverTests.Resolve_matches_fixture(row: Row { Description = Pascal: all-caps preserved (USERID), Template = {USERID}, CaeNames = System.String[], PolicyId = pascal, Expected = System.String[], RuntimeOnly = False })" computerName="BEAST" duration="00:00:00.0000050" startTime="2026-05-24T05:07:28.1523045-05:00" endTime="2026-05-24T05:07:28.1523347-05:00" testType="13cdc9d9-ddb5-4fa4-a97d-d965ccfc6d4b" outcome="Passed" testListId="8c84fa94-04c1-424b-9868-57a2d4851a1d" relativeResultsDirectory="95d1adfb-20f8-4740-b1a4-84698ce97b1a" />
    <UnitTestResult executionId="8aba7f56-78fa-4c49-8306-5b664d3724b5" testId="81d082f1-49f8-35f3-d953-0a37463a6225" testName="MMP.Herald.OSS.Tests.Quick.TenantCoexistenceGuardTests.With_flag_off_try_register_propagates_guard_throw" computerName="BEAST" duration="00:00:00.0023108" startTime="2026-05-24T05:07:28.2933134-05:00" endTime="2026-05-24T05:07:28.2942278-05:00" testType="13cdc9d9-ddb5-4fa4-a97d-d965ccfc6d4b" outcome="Passed" testListId="8c84fa94-04c1-424b-9868-57a2d4851a1d" relativeResultsDirectory="8aba7f56-78fa-4c49-8306-5b664d3724b5" />
    <UnitTestResult executionId="092a7257-0ac9-4322-a581-1f8b67a1a7bd" testId="20e62fdf-d500-ad1c-f52f-abd8314fb472" testName="MMP.Herald.OSS.Tests.Templating.PolicyResolveAllFixtureTests.ResolveAll_matches_fixture(row: Row { Description = Snake: single char (X -&gt; x), Template = {X}, CaeNames = System.String[], PolicyId = snake, Expected = System.String[], RuntimeOnly = False })" computerName="BEAST" duration="00:00:00.0000104" startTime="2026-05-24T05:07:28.1079880-05:00" endTime="2026-05-24T05:07:28.1080294-05:00" testType="13cdc9d9-ddb5-4fa4-a97d-d965ccfc6d4b" outcome="Passed" testListId="8c84fa94-04c1-424b-9868-57a2d4851a1d" relativeResultsDirectory="092a7257-0ac9-4322-a581-1f8b67a1a7bd" />
    <UnitTestResult executionId="6a003c0d-1628-4af3-8449-16f6601c2fb9" testId="20e62fdf-d500-ad1c-f52f-abd8314fb472" testName="MMP.Herald.OSS.Tests.Templating.PolicyResolveAllFixtureTests.ResolveAll_matches_fixture(row: Row { Description = Camel: empty CAE falls back to token + camelCases (runtime-only), Template = user {UserId} signed in, CaeNames = System.String[], PolicyId = camel, Expected = System.String[], RuntimeOnly = True })" computerName="BEAST" duration="00:00:00.0000133" startTime="2026-05-24T05:07:28.1052996-05:00" endTime="2026-05-24T05:07:28.1053286-05:00" testType="13cdc9d9-ddb5-4fa4-a97d-d965ccfc6d4b" outcome="Passed" testListId="8c84fa94-04c1-424b-9868-57a2d4851a1d" relativeResultsDirectory="6a003c0d-1628-4af3-8449-16f6601c2fb9" />
    <UnitTestResult executionId="e1960a92-0a50-4180-b5a6-b059b276d962" testId="f8ed64ec-7f3a-2a03-ac02-5fb848b961a7" testName="MMP.Herald.OSS.Tests.Diagnostics.NoticeSeverityTests.Includes_returns_true_when_current_meets_or_exceeds_required" computerName="BEAST" duration="00:00:00.0004298" startTime="2026-05-24T05:07:28.3272351-05:00" endTime="2026-05-24T05:07:28.3274095-05:00" testType="13cdc9d9-ddb5-4fa4-a97d-d965ccfc6d4b" outcome="Passed" testListId="8c84fa94-04c1-424b-9868-57a2d4851a1d" relativeResultsDirectory="e1960a92-0a50-4180-b5a6-b059b276d962" />
    <UnitTestResult executionId="64995af4-2c8b-4af2-bc59-15b3f3fcd18b" testId="e0145286-9b93-6cd6-3953-456b707b5942" testName="MMP.Herald.OSS.Tests.Addons.ManagementApi.LicenseStatusProviderTests.LicenseStatusProvider_can_be_swapped_after_construction" computerName="BEAST" duration="00:00:00.0018824" startTime="2026-05-24T05:07:28.4018386-05:00" endTime="2026-05-24T05:07:28.4040197-05:00" testType="13cdc9d9-ddb5-4fa4-a97d-d965ccfc6d4b" outcome="Passed" testListId="8c84fa94-04c1-424b-9868-57a2d4851a1d" relativeResultsDirectory="64995af4-2c8b-4af2-bc59-15b3f3fcd18b" />
    <UnitTestResult executionId="772475fd-1b03-414c-bf0f-9215aec4f423" testId="42c6c42f-0be0-9c48-3be7-ffc038a0b581" testName="MMP.Herald.OSS.Tests.Templating.SnakeCasePolicyTests.Resolves_token_per_spec(token: &quot;X&quot;, argExpr: &quot;x&quot;, expectedSnake: &quot;x&quot;)" computerName="BEAST" duration="00:00:00.0000034" startTime="2026-05-24T05:07:28.3128072-05:00" endTime="2026-05-24T05:07:28.3128675-05:00" testType="13cdc9d9-ddb5-4fa4-a97d-d965ccfc6d4b" outcome="Passed" testListId="8c84fa94-04c1-424b-9868-57a2d4851a1d" relativeResultsDirectory="772475fd-1b03-414c-bf0f-9215aec4f423" />
    <UnitTestResult executionId="93f3901c-6d85-4bca-9d9c-257eb7b46ea3" testId="9a5fc9e1-be53-22bf-568e-888aa08490c2" testName="MMP.Herald.OSS.Tests.HeraldVersionCapabilitiesTests.SetCurrentCapabilities_null_throws" computerName="BEAST" duration="00:00:00.0016329" startTime="2026-05-24T05:07:28.1132485-05:00" endTime="2026-05-24T05:07:28.1134792-05:00" testType="13cdc9d9-ddb5-4fa4-a97d-d965ccfc6d4b" outcome="Passed" testListId="8c84fa94-04c1-424b-9868-57a2d4851a1d" relativeResultsDirectory="93f3901c-6d85-4bca-9d9c-257eb7b46ea3" />
    <UnitTestResult executionId="1ce0221e-056b-469b-9374-a61756bed313" testId="18685c97-f950-773c-ed4e-75dbf5999802" testName="MMP.Herald.OSS.Tests.Templating.SnakeCasePolicyTests.Resolves_token_per_spec(token: &quot;USERID&quot;, argExpr: &quot;x&quot;, expectedSnake: &quot;userid&quot;)" computerName="BEAST" duration="00:00:00.0002475" startTime="2026-05-24T05:07:28.3093857-05:00" endTime="2026-05-24T05:07:28.3094279-05:00" testType="13cdc9d9-ddb5-4fa4-a97d-d965ccfc6d4b" outcome="Passed" testListId="8c84fa94-04c1-424b-9868-57a2d4851a1d" relativeResultsDirectory="1ce0221e-056b-469b-9374-a61756bed313" />
    <UnitTestResult executionId="db780bda-2a27-41d5-877e-52280a2170d9" testId="e2b5c310-4267-0e04-e8d8-f0835eec45e1" testName="MMP.Herald.OSS.Tests.DetourCSurfaceFillInTests.IComponentMetadata_MinimumEdition_DefaultsToCommunity" computerName="BEAST" duration="00:00:00.0002521" startTime="2026-05-24T05:07:28.2374696-05:00" endTime="2026-05-24T05:07:28.2376745-05:00" testType="13cdc9d9-ddb5-4fa4-a97d-d965ccfc6d4b" outcome="Passed" testListId="8c84fa94-04c1-424b-9868-57a2d4851a1d" relativeResultsDirectory="db780bda-2a27-41d5-877e-52280a2170d9" />
    <UnitTestResult executionId="84723eb4-0783-4aac-b81a-44cb39f8a546" testId="ce2eb8b7-dc02-fd99-b864-cc7ebad6c1e7" testName="MMP.Herald.OSS.Tests.Pipeline.Kernel.ExternalSourceRegistrarTests.Adversarial_pipeline_isolation_a_key_from_one_pipeline_is_not_valid_on_another" computerName="BEAST" duration="00:00:00.0006584" startTime="2026-05-24T05:07:28.3584643-05:00" endTime="2026-05-24T05:07:28.3595025-05:00" testType="13cdc9d9-ddb5-4fa4-a97d-d965ccfc6d4b" outcome="Passed" testListId="8c84fa94-04c1-424b-9868-57a2d4851a1d" relativeResultsDirectory="84723eb4-0783-4aac-b81a-44cb39f8a546" />
    <UnitTestResult executionId="2fc97303-57d0-405d-b09d-c5cb7ca39fa8" testId="20e62fdf-d500-ad1c-f52f-abd8314fb472" testName="MMP.Herald.OSS.Tests.Templating.PolicyResolveAllFixtureTests.ResolveAll_matches_fixture(row: Row { Description = Pascal: empty CAE falls back to token (runtime-only), Template = user {UserId} signed in, CaeNames = System.String[], PolicyId = pascal, Expected = System.String[], RuntimeOnly = True })" computerName="BEAST" duration="00:00:00.0000140" startTime="2026-05-24T05:07:28.1051900-05:00" endTime="2026-05-24T05:07:28.1052564-05:00" testType="13cdc9d9-ddb5-4fa4-a97d-d965ccfc6d4b" outcome="Passed" testListId="8c84fa94-04c1-424b-9868-57a2d4851a1d" relativeResultsDirectory="2fc97303-57d0-405d-b09d-c5cb7ca39fa8" />
    <UnitTestResult executionId="1751b4c0-869f-44ae-907c-1067078e8597" testId="343b6cae-9f30-eb57-8492-296719d2423b" testName="MMP.Herald.OSS.Tests.Pipeline.LogCallShapesTests.Each_level_accepts_categoryless_typed_args(levelKey: &quot;trace&quot;)" computerName="BEAST" duration="00:00:00.0009696" startTime="2026-05-24T05:07:38.0436271-05:00" endTime="2026-05-24T05:07:38.0441804-05:00" testType="13cdc9d9-ddb5-4fa4-a97d-d965ccfc6d4b" outcome="Passed" testListId="8c84fa94-04c1-424b-9868-57a2d4851a1d" relativeResultsDirectory="1751b4c0-869f-44ae-907c-1067078e8597" />
    <UnitTestResult executionId="2a6dff71-d1ca-4e07-8f4a-2c27a2ea629c" testId="d6746ac2-c0b4-8ce7-dc83-26159f265ce1" testName="MMP.Herald.OSS.Tests.Addons.ManagementApi.AuthorizationDecisionShapeTests.LicenseStatusSnapshot_allows_null_edition_expiry_and_reason" computerName="BEAST" duration="00:00:00.0090619" startTime="2026-05-24T05:07:28.3594103-05:00" endTime="2026-05-24T05:07:28.3948085-05:00" testType="13cdc9d9-ddb5-4fa4-a97d-d965ccfc6d4b" outcome="Passed" testListId="8c84fa94-04c1-424b-9868-57a2d4851a1d" relativeResultsDirectory="2a6dff71-d1ca-4e07-8f4a-2c27a2ea629c" />
    <UnitTestResult executionId="673bd972-a0c4-4e3a-a2ab-36144a60941e" testId="7da88c2a-446e-608c-6f1d-644c65417cbc" testName="MMP.Herald.OSS.Tests.Diagnostics.BoundedNoticeBufferTests.Clear_empties_buffer_and_resets_dropped_count" computerName="BEAST" duration="00:00:00.0014707" startTime="2026-05-24T05:07:28.3874526-05:00" endTime="2026-05-24T05:07:28.3891099-05:00" testType="13cdc9d9-ddb5-4fa4-a97d-d965ccfc6d4b" outcome="Passed" testListId="8c84fa94-04c1-424b-9868-57a2d4851a1d" relativeResultsDirectory="673bd972-a0c4-4e3a-a2ab-36144a60941e" />
    <UnitTestResult executionId="aa3836b1-a0ec-4aea-a4fa-08fc4edbfa3d" testId="3cfd588b-bc08-a840-82d0-d855a739dfb5" testName="MMP.Herald.OSS.Tests.Pipeline.StructuredLoggerPascalDefaultTests.Distinct_templates_get_independent_cache_entries" computerName="BEAST" duration="00:00:00.0003944" startTime="2026-05-24T05:07:38.0821071-05:00" endTime="2026-05-24T05:07:38.0824000-05:00" testType="13cdc9d9-ddb5-4fa4-a97d-d965ccfc6d4b" outcome="Passed" testListId="8c84fa94-04c1-424b-9868-57a2d4851a1d" relativeResultsDirectory="aa3836b1-a0ec-4aea-a4fa-08fc4edbfa3d" />
    <UnitTestResult executionId="f2924cc2-1d65-4923-8146-7626a3462fbb" testId="c9bdc15d-0320-f379-8030-0addd7efe439" testName="MMP.Herald.OSS.Tests.Quick.HeraldTenantScopeRegistryContractTests.Scoped_get_returns_null_when_scope_has_no_registration_even_if_default_does" computerName="BEAST" duration="00:00:00.0006079" startTime="2026-05-24T05:07:28.3538962-05:00" endTime="2026-05-24T05:07:28.3540124-05:00" testType="13cdc9d9-ddb5-4fa4-a97d-d965ccfc6d4b" outcome="Passed" testListId="8c84fa94-04c1-424b-9868-57a2d4851a1d" relativeResultsDirectory="f2924cc2-1d65-4923-8146-7626a3462fbb" />
    <UnitTestResult executionId="9b04be0f-6429-4236-bc88-f77a62073df7" testId="8e00681c-4fba-4c90-b8fe-dca89057394b" testName="MMP.Herald.OSS.Tests.Pipeline.LogCallShapesTests.InfoCompact_with_LogPropertyBuffer1_round_trips_one_property" computerName="BEAST" duration="00:00:00.0005696" startTime="2026-05-24T05:07:38.0294220-05:00" endTime="2026-05-24T05:07:38.0299464-05:00" testType="13cdc9d9-ddb5-4fa4-a97d-d965ccfc6d4b" outcome="Passed" testListId="8c84fa94-04c1-424b-9868-57a2d4851a1d" relativeResultsDirectory="9b04be0f-6429-4236-bc88-f77a62073df7" />
    <UnitTestResult executionId="ada62bc1-2085-4af9-8320-79430fc4fe38" testId="3529d7de-164e-0b79-5bd3-afb1704cc685" testName="MMP.Herald.OSS.Tests.Addons.ManagementApi.HttpHeaderSanitizerTests.IsValidHeaderName_rejects_outside_token_set(name: &quot;Au:thorization&quot;)" computerName="BEAST" duration="00:00:00.0024784" startTime="2026-05-24T05:07:28.1275615-05:00" endTime="2026-05-24T05:07:28.1278468-05:00" testType="13cdc9d9-ddb5-4fa4-a97d-d965ccfc6d4b" outcome="Passed" testListId="8c84fa94-04c1-424b-9868-57a2d4851a1d" relativeResultsDirectory="ada62bc1-2085-4af9-8320-79430fc4fe38" />
    <UnitTestResult executionId="60e4f8d5-ab0e-4d56-82da-e2b5c15e6871" testId="229340c9-96bf-5b08-8ee3-f68406e88a44" testName="MMP.Herald.OSS.Tests.Diagnostics.HeraldRuntimeMessagesTests.Static_facade_does_not_observe_non_default_host_publishes" computerName="BEAST" duration="00:00:00.0011637" startTime="2026-05-24T05:07:28.1141417-05:00" endTime="2026-05-24T05:07:28.1154382-05:00" testType="13cdc9d9-ddb5-4fa4-a97d-d965ccfc6d4b" outcome="Passed" testListId="8c84fa94-04c1-424b-9868-57a2d4851a1d" relativeResultsDirectory="60e4f8d5-ab0e-4d56-82da-e2b5c15e6871" />
    <UnitTestResult executionId="544cba85-83cb-41b6-b11e-17def2f0b41b" testId="7e1ead6a-92d4-4757-9c5b-2b2383095510" testName="MMP.Herald.OSS.Tests.Quick.HeraldTenantScopeRegistryContractTests.Scoped_try_register_lands_in_scoped_tenant_bucket_not_default" computerName="BEAST" duration="00:00:00.0009461" startTime="2026-05-24T05:07:28.3532225-05:00" endTime="2026-05-24T05:07:28.3534053-05:00" testType="13cdc9d9-ddb5-4fa4-a97d-d965ccfc6d4b" outcome="Passed" testListId="8c84fa94-04c1-424b-9868-57a2d4851a1d" relativeResultsDirectory="544cba85-83cb-41b6-b11e-17def2f0b41b" />
    <UnitTestResult executionId="78a139c5-a0f8-4187-a02a-d80b21e9ec1a" testId="ff4ca921-989c-a170-576f-2666d72af0f6" testName="MMP.Herald.OSS.Tests.Quick.QuickLogBuilderNamingPolicyTests.WithNamingPolicy_null_throws_ArgumentNullException" computerName="BEAST" duration="00:00:00.0003941" startTime="2026-05-24T05:07:38.0787263-05:00" endTime="2026-05-24T05:07:38.0790598-05:00" testType="13cdc9d9-ddb5-4fa4-a97d-d965ccfc6d4b" outcome="Passed" testListId="8c84fa94-04c1-424b-9868-57a2d4851a1d" relativeResultsDirectory="78a139c5-a0f8-4187-a02a-d80b21e9ec1a" />
    <UnitTestResult executionId="61bdfaea-8f01-4828-96ee-e9c4ada71f67" testId="4e87a202-995a-62ea-5a51-09681cfbed0c" testName="MMP.Herald.OSS.Tests.Pipeline.BuildSmokeTests.Build_returns_export_config_carrying_configured_minimum_level" computerName="BEAST" duration="00:00:00.0006539" startTime="2026-05-24T05:07:28.3425177-05:00" endTime="2026-05-24T05:07:28.3428306-05:00" testType="13cdc9d9-ddb5-4fa4-a97d-d965ccfc6d4b" outcome="Passed" testListId="8c84fa94-04c1-424b-9868-57a2d4851a1d" relativeResultsDirectory="61bdfaea-8f01-4828-96ee-e9c4ada71f67" />
    <UnitTestResult executionId="ebda7051-4522-41ec-b8ba-2987f99f1347" testId="20e62fdf-d500-ad1c-f52f-abd8314fb472" testName="MMP.Herald.OSS.Tests.Templating.PolicyResolveAllFixtureTests.ResolveAll_matches_fixture(row: Row { Description = Pascal: long template with 4 tokens, Template = {First} bought {Second} for {Third} from {Fourth}, CaeNames = System.String[], PolicyId = pascal, Expected = System.String[], RuntimeOnly = False })" computerName="BEAST" duration="00:00:00.0000104" startTime="2026-05-24T05:07:28.1085445-05:00" endTime="2026-05-24T05:07:28.1085899-05:00" testType="13cdc9d9-ddb5-4fa4-a97d-d965ccfc6d4b" outcome="Passed" testListId="8c84fa94-04c1-424b-9868-57a2d4851a1d" relativeResultsDirectory="ebda7051-4522-41ec-b8ba-2987f99f1347" />
    <UnitTestResult executionId="cd1369f6-ad2e-4ed2-a2e4-2ff38bad5659" testId="e276d22d-acec-1058-3cf0-cd5e5c653052" testName="MMP.Herald.OSS.Tests.PipelineStrategyTests.PipelineStepCapabilityTests.Register_with_caps_records_the_declared_set" computerName="BEAST" duration="00:00:00.0004108" startTime="2026-05-24T05:07:28.3302742-05:00" endTime="2026-05-24T05:07:28.3304036-05:00" testType="13cdc9d9-ddb5-4fa4-a97d-d965ccfc6d4b" outcome="Passed" testListId="8c84fa94-04c1-424b-9868-57a2d4851a1d" relativeResultsDirectory="cd1369f6-ad2e-4ed2-a2e4-2ff38bad5659" />
    <UnitTestResult executionId="23d87283-3493-4c56-a865-2cbad9a150a0" testId="0afc1791-c279-bd16-8f9f-8e94aeab6319" testName="MMP.Herald.OSS.Tests.Addons.ManagementApi.AuthorizationDecisionShapeTests.LicenseStatusSnapshot_round_trips_through_value_equality" computerName="BEAST" duration="00:00:00.0026850" startTime="2026-05-24T05:07:28.3558144-05:00" endTime="2026-05-24T05:07:28.3582481-05:00" testType="13cdc9d9-ddb5-4fa4-a97d-d965ccfc6d4b" outcome="Passed" testListId="8c84fa94-04c1-424b-9868-57a2d4851a1d" relativeResultsDirectory="23d87283-3493-4c56-a865-2cbad9a150a0" />
    <UnitTestResult executionId="f0708dd3-02aa-4ee6-ad95-c6ba00578910" testId="5541ddae-7223-f844-e002-16135d071fc9" testName="MMP.Herald.OSS.Tests.Generators.TypedArgsOverloadGeneratorGoldenTests.Generator_emits_only_for_core_compilation" computerName="BEAST" duration="00:00:00.6955462" startTime="2026-05-24T05:07:27.9701061-05:00" endTime="2026-05-24T05:07:28.6721976-05:00" testType="13cdc9d9-ddb5-4fa4-a97d-d965ccfc6d4b" outcome="Passed" testListId="8c84fa94-04c1-424b-9868-57a2d4851a1d" relativeResultsDirectory="f0708dd3-02aa-4ee6-ad95-c6ba00578910" />
    <UnitTestResult executionId="0b95620f-c26e-4ece-92b5-8fa13ce82380" testId="04fa188b-9248-e713-0ee6-d28ea9006751" testName="MMP.Herald.OSS.Tests.Addons.ManagementApi.HeraldManagementApiAuthorizationTests.Default_authorizer_rejects_mutating_calls" computerName="BEAST" duration="00:00:00.0008310" startTime="2026-05-24T05:07:28.3403320-05:00" endTime="2026-05-24T05:07:28.3407593-05:00" testType="13cdc9d9-ddb5-4fa4-a97d-d965ccfc6d4b" outcome="Passed" testListId="8c84fa94-04c1-424b-9868-57a2d4851a1d" relativeResultsDirectory="0b95620f-c26e-4ece-92b5-8fa13ce82380" />
    <UnitTestResult executionId="4af2cf2a-3ccf-4e0e-bd9b-1a137b5546bf" testId="be6712f1-2ef0-54f4-4ceb-e17bf12c75b1" testName="MMP.Herald.OSS.Tests.Pipeline.StructuredLoggerPascalDefaultTests.Snake_policy_handles_acronym_coalescing_end_to_end" computerName="BEAST" duration="00:00:00.0005844" startTime="2026-05-24T05:07:38.0850335-05:00" endTime="2026-05-24T05:07:38.0855259-05:00" testType="13cdc9d9-ddb5-4fa4-a97d-d965ccfc6d4b" outcome="Passed" testListId="8c84fa94-04c1-424b-9868-57a2d4851a1d" relativeResultsDirectory="4af2cf2a-3ccf-4e0e-bd9b-1a137b5546bf" />
    <UnitTestResult executionId="26413eb5-0175-4680-b849-d2538a03fa96" testId="4612ae6c-0c4f-c304-4a26-6367e8e2213d" testName="MMP.Herald.OSS.Tests.Quick.SyncDisposableSinkLifecycleTests.Builder_skips_null_sync_resources" computerName="BEAST" duration="00:00:00.0002693" startTime="2026-05-24T05:07:28.1478474-05:00" endTime="2026-05-24T05:07:28.1479072-05:00" testType="13cdc9d9-ddb5-4fa4-a97d-d965ccfc6d4b" outcome="Passed" testListId="8c84fa94-04c1-424b-9868-57a2d4851a1d" relativeResultsDirectory="26413eb5-0175-4680-b849-d2538a03fa96" />
    <UnitTestResult executionId="83665273-106b-4202-a743-34629213dd6d" testId="e003dc9f-2a29-a420-ea81-231e8d75581a" testName="MMP.Herald.OSS.Tests.Quick.OnTenantLookupMissedEventTests.Contains_miss_does_not_fire_event" computerName="BEAST" duration="00:00:00.0009996" startTime="2026-05-24T05:07:28.3427990-05:00" endTime="2026-05-24T05:07:28.3431089-05:00" testType="13cdc9d9-ddb5-4fa4-a97d-d965ccfc6d4b" outcome="Passed" testListId="8c84fa94-04c1-424b-9868-57a2d4851a1d" relativeResultsDirectory="83665273-106b-4202-a743-34629213dd6d" />
    <UnitTestResult executionId="6fa1d97e-4f1e-47a3-8dd3-c7cbc42fc430" testId="07bef354-c430-80b0-9f6a-27f3a3563a05" testName="MMP.Herald.OSS.Tests.Templating.NameResolverCacheCapHitNoticeTests.Cap_hit_publishes_warning_runtime_notice" computerName="BEAST" duration="00:00:00.2093418" startTime="2026-05-24T05:07:38.2945201-05:00" endTime="2026-05-24T05:07:38.5038793-05:00" testType="13cdc9d9-ddb5-4fa4-a97d-d965ccfc6d4b" outcome="Passed" testListId="8c84fa94-04c1-424b-9868-57a2d4851a1d" relativeResultsDirectory="6fa1d97e-4f1e-47a3-8dd3-c7cbc42fc430" />
    <UnitTestResult executionId="c2c97de4-81e2-4a7a-9b9c-9652560708a6" testId="55cd6ca6-e504-b735-a0ef-3c813655cbc4" testName="MMP.Herald.OSS.Tests.Templating.NamingPolicyRegistryTests.Register_null_throws_ArgumentNullException" computerName="BEAST" duration="00:00:00.0005305" startTime="2026-05-24T05:07:28.4119363-05:00" endTime="2026-05-24T05:07:28.4120413-05:00" testType="13cdc9d9-ddb5-4fa4-a97d-d965ccfc6d4b" outcome="Passed" testListId="8c84fa94-04c1-424b-9868-57a2d4851a1d" relativeResultsDirectory="c2c97de4-81e2-4a7a-9b9c-9652560708a6" />
    <UnitTestResult executionId="a38c6639-ad5b-4fb4-8586-f1bd9deef8c8" testId="57e7ffed-e5fd-0914-2922-97a0d9a3c5a8" testName="MMP.Herald.OSS.Tests.DetourCSurfaceFillInTests.HeraldEditionGate_AllowsFeature_ComparesRanks" computerName="BEAST" duration="00:00:00.0008136" startTime="2026-05-24T05:07:28.1102318-05:00" endTime="2026-05-24T05:07:28.1102670-05:00" testType="13cdc9d9-ddb5-4fa4-a97d-d965ccfc6d4b" outcome="Passed" testListId="8c84fa94-04c1-424b-9868-57a2d4851a1d" relativeResultsDirectory="a38c6639-ad5b-4fb4-8586-f1bd9deef8c8" />
    <UnitTestResult executionId="d75aef39-c949-4328-8504-a18cade86ac2" testId="4f4787c8-7ca2-5dcf-26af-dcac62b59140" testName="MMP.Herald.OSS.Tests.Diagnostics.HeraldRuntimeMessagesTests.Concurrent_publish_from_many_threads_produces_no_torn_records" computerName="BEAST" duration="00:00:00.0874117" startTime="2026-05-24T05:07:28.1189040-05:00" endTime="2026-05-24T05:07:28.1480600-05:00" testType="13cdc9d9-ddb5-4fa4-a97d-d965ccfc6d4b" outcome="Passed" testListId="8c84fa94-04c1-424b-9868-57a2d4851a1d" relativeResultsDirectory="d75aef39-c949-4328-8504-a18cade86ac2" />
    <UnitTestResult executionId="dc39d7a0-7c05-4464-869c-03f5dee400a9" testId="b71ad135-57d8-9a03-aa45-99bc5569c3a0" testName="MMP.Herald.OSS.Tests.Templating.SnakeCasePolicyTests.Resolves_token_per_spec(token: &quot;HTTPClient&quot;, argExpr: &quot;client&quot;, expectedSnake: &quot;http_client&quot;)" computerName="BEAST" duration="00:00:00.0000079" startTime="2026-05-24T05:07:28.3113843-05:00" endTime="2026-05-24T05:07:28.3114217-05:00" testType="13cdc9d9-ddb5-4fa4-a97d-d965ccfc6d4b" outcome="Passed" testListId="8c84fa94-04c1-424b-9868-57a2d4851a1d" relativeResultsDirectory="dc39d7a0-7c05-4464-869c-03f5dee400a9" />
    <UnitTestResult executionId="62ebcc3a-a5d5-4da7-983a-ac7fe69ea48e" testId="756c9429-6a1f-41cd-6453-390a3562cf2d" testName="MMP.Herald.OSS.Tests.Generators.CompileTimeNameResolverTests.Resolve_matches_fixture(row: Row { Description = Camel: two tokens camelCased, Template = {UserId} bought {ItemCount}, CaeNames = System.String[], PolicyId = camel, Expected = System.String[], RuntimeOnly = False })" computerName="BEAST" duration="00:00:00.0000046" startTime="2026-05-24T05:07:28.1508466-05:00" endTime="2026-05-24T05:07:28.1509090-05:00" testType="13cdc9d9-ddb5-4fa4-a97d-d965ccfc6d4b" outcome="Passed" testListId="8c84fa94-04c1-424b-9868-57a2d4851a1d" relativeResultsDirectory="62ebcc3a-a5d5-4da7-983a-ac7fe69ea48e" />
    <UnitTestResult executionId="a6b548d4-5490-4883-971f-bda6797b15b7" testId="04a4ea2b-8b9a-43da-6a4d-d55b4959c091" testName="MMP.Herald.OSS.Tests.HeraldCapabilityGateTests.Disjoint_per_tenant_resolver_correctly_isolates_two_tenants" computerName="BEAST" duration="00:00:00.0015632" startTime="2026-05-24T05:07:28.1387975-05:00" endTime="2026-05-24T05:07:28.1401858-05:00" testType="13cdc9d9-ddb5-4fa4-a97d-d965ccfc6d4b" outcome="Passed" testListId="8c84fa94-04c1-424b-9868-57a2d4851a1d" relativeResultsDirectory="a6b548d4-5490-4883-971f-bda6797b15b7" />
    <UnitTestResult executionId="1d0027bd-de31-48d7-8328-5d518ad318a1" testId="756c9429-6a1f-41cd-6453-390a3562cf2d" testName="MMP.Herald.OSS.Tests.Generators.CompileTimeNameResolverTests.Resolve_matches_fixture(row: Row { Description = Pascal: single PascalCase token preserved, Template = user {UserId} signed in, CaeNames = System.String[], PolicyId = pascal, Expected = System.String[], RuntimeOnly = False })" computerName="BEAST" duration="00:00:00.0013909" startTime="2026-05-24T05:07:28.1504599-05:00" endTime="2026-05-24T05:07:28.1505007-05:00" testType="13cdc9d9-ddb5-4fa4-a97d-d965ccfc6d4b" outcome="Passed" testListId="8c84fa94-04c1-424b-9868-57a2d4851a1d" relativeResultsDirectory="1d0027bd-de31-48d7-8328-5d518ad318a1" />
    <UnitTestResult executionId="b9c47137-fb9f-4315-84ad-789f5a5868bb" testId="018bb0d3-3098-9e4b-48ca-71cf3df599ce" testName="MMP.Herald.OSS.Tests.Templating.CamelCasePolicyTests.Resolves_name_per_spec(token: &quot;HTTPClient&quot;, argExpr: &quot;client&quot;, expectedCamel: &quot;hTTPClient&quot;)" computerName="BEAST" duration="00:00:00.0000038" startTime="2026-05-24T05:07:28.3916665-05:00" endTime="2026-05-24T05:07:28.3917144-05:00" testType="13cdc9d9-ddb5-4fa4-a97d-d965ccfc6d4b" outcome="Passed" testListId="8c84fa94-04c1-424b-9868-57a2d4851a1d" relativeResultsDirectory="b9c47137-fb9f-4315-84ad-789f5a5868bb" />
    <UnitTestResult executionId="658484ee-dab1-452a-bd81-36dbf0468d95" testId="451a71e1-f59b-94e4-c9c1-7a299a300edb" testName="MMP.Herald.OSS.Tests.Pipeline.Kernel.ExternalSourceRegistrarTests.Different_reference_produces_different_derived_key" computerName="BEAST" duration="00:00:00.0005610" startTime="2026-05-24T05:07:28.3876936-05:00" endTime="2026-05-24T05:07:28.3889482-05:00" testType="13cdc9d9-ddb5-4fa4-a97d-d965ccfc6d4b" outcome="Passed" testListId="8c84fa94-04c1-424b-9868-57a2d4851a1d" relativeResultsDirectory="658484ee-dab1-452a-bd81-36dbf0468d95" />
    <UnitTestResult executionId="64e28635-608b-4fd8-980c-9e9a81f36586" testId="379d3c5e-0d67-bf59-f22e-436b33ab11d7" testName="MMP.Herald.OSS.Tests.Pipeline.StructuredLoggerNamingPolicyTests.Fallback_count_increments_when_args_exceed_token_count" computerName="BEAST" duration="00:00:00.0003321" startTime="2026-05-24T05:07:38.9094894-05:00" endTime="2026-05-24T05:07:38.9098132-05:00" testType="13cdc9d9-ddb5-4fa4-a97d-d965ccfc6d4b" outcome="Passed" testListId="8c84fa94-04c1-424b-9868-57a2d4851a1d" relativeResultsDirectory="64e28635-608b-4fd8-980c-9e9a81f36586" />
    <UnitTestResult executionId="c1040efb-169f-4a11-be39-aa857aca8720" testId="a0c9116f-1e75-6ecb-b6e5-0909a43a13fd" testName="MMP.Herald.OSS.Tests.Pipeline.NamingPolicyAnnouncementTests.Announcement_fires_at_most_once_per_logger_across_many_dispatches" computerName="BEAST" duration="00:00:00.0023999" startTime="2026-05-24T05:07:38.0548378-05:00" endTime="2026-05-24T05:07:38.0572784-05:00" testType="13cdc9d9-ddb5-4fa4-a97d-d965ccfc6d4b" outcome="Passed" testListId="8c84fa94-04c1-424b-9868-57a2d4851a1d" relativeResultsDirectory="c1040efb-169f-4a11-be39-aa857aca8720" />
    <UnitTestResult executionId="2ddb7f1b-5992-41d8-bf32-bb99580c3fa7" testId="8e9e48cc-0b60-7825-7482-910a0a25cb6e" testName="MMP.Herald.OSS.Tests.Pipeline.LevelFilterTests.Minimum_level_trace_passes_every_event" computerName="BEAST" duration="00:00:00.3096330" startTime="2026-05-24T05:07:28.0287717-05:00" endTime="2026-05-24T05:07:28.3073289-05:00" testType="13cdc9d9-ddb5-4fa4-a97d-d965ccfc6d4b" outcome="Passed" testListId="8c84fa94-04c1-424b-9868-57a2d4851a1d" relativeResultsDirectory="2ddb7f1b-5992-41d8-bf32-bb99580c3fa7" />
    <UnitTestResult executionId="7700fc0b-1694-49e3-b9c1-885725a5da7e" testId="5fa95c23-c470-35e4-6554-4cdb7c481d00" testName="MMP.Herald.OSS.Tests.HeraldVersionEditionTests.CurrentEdition_StaleRead_ConvergesAfterSetEdition" computerName="BEAST" duration="00:00:00.1339635" startTime="2026-05-24T05:07:37.8814554-05:00" endTime="2026-05-24T05:07:38.0153497-05:00" testType="13cdc9d9-ddb5-4fa4-a97d-d965ccfc6d4b" outcome="Passed" testListId="8c84fa94-04c1-424b-9868-57a2d4851a1d" relativeResultsDirectory="7700fc0b-1694-49e3-b9c1-885725a5da7e" />
    <UnitTestResult executionId="7b2e5945-2f0f-406b-970d-73b505306cc6" testId="1a1b835d-c8bb-bc25-1cfd-ab0938b5aa98" testName="MMP.Herald.OSS.Tests.Pipeline.StructuredLoggerNamingPolicyTests.Diagnostics_snapshot_reports_active_policy_id" computerName="BEAST" duration="00:00:00.0002917" startTime="2026-05-24T05:07:38.9113431-05:00" endTime="2026-05-24T05:07:38.9116119-05:00" testType="13cdc9d9-ddb5-4fa4-a97d-d965ccfc6d4b" outcome="Passed" testListId="8c84fa94-04c1-424b-9868-57a2d4851a1d" relativeResultsDirectory="7b2e5945-2f0f-406b-970d-73b505306cc6" />
    <UnitTestResult executionId="b0a2a9ca-6ddd-48de-bcdf-2e1c027449f5" testId="5baf5bd1-e016-4573-0e55-ac0a53dd4a08" testName="MMP.Herald.OSS.Tests.Addons.ManagementApi.FileSinkPathResolverTests.Custom_resolver_pre_empts_LogRootDirectory_confinement" computerName="BEAST" duration="00:00:00.0135776" startTime="2026-05-24T05:07:28.2881381-05:00" endTime="2026-05-24T05:07:28.3031900-05:00" testType="13cdc9d9-ddb5-4fa4-a97d-d965ccfc6d4b" outcome="Passed" testListId="8c84fa94-04c1-424b-9868-57a2d4851a1d" relativeResultsDirectory="b0a2a9ca-6ddd-48de-bcdf-2e1c027449f5" />
    <UnitTestResult executionId="65c4937d-b1ae-43a3-8e02-c3fcc61f746f" testId="3f63295d-3944-9291-f5d0-39c5d5bf3948" testName="MMP.Herald.OSS.Tests.Generators.HeraldNamingPolicyAssertionAnalyzerTests.Non_Herald_WithNamingPolicy_does_not_fire_even_when_asserting" computerName="BEAST" duration="00:00:00.8785323" startTime="2026-05-24T05:07:29.0814166-05:00" endTime="2026-05-24T05:07:29.9601868-05:00" testType="13cdc9d9-ddb5-4fa4-a97d-d965ccfc6d4b" outcome="Passed" testListId="8c84fa94-04c1-424b-9868-57a2d4851a1d" relativeResultsDirectory="65c4937d-b1ae-43a3-8e02-c3fcc61f746f" />
    <UnitTestResult executionId="08d723d5-f02e-4da7-bddf-27d2176d4cbd" testId="6319370b-4bd6-36e5-5704-0dc9ef67659c" testName="MMP.Herald.OSS.Tests.Quick.HeraldRegistryInstanceRemoveTests.RemoveAsync_returns_true_after_dispose_completes" computerName="BEAST" duration="00:00:00.0036193" startTime="2026-05-24T05:07:28.4014033-05:00" endTime="2026-05-24T05:07:28.4051892-05:00" testType="13cdc9d9-ddb5-4fa4-a97d-d965ccfc6d4b" outcome="Passed" testListId="8c84fa94-04c1-424b-9868-57a2d4851a1d" relativeResultsDirectory="08d723d5-f02e-4da7-bddf-27d2176d4cbd" />
    <UnitTestResult executionId="3ad6dd87-3f2d-4fc4-b7ac-a67fc8eac0d5" testId="c7e92be8-efbf-5bba-d203-575b9773a64c" testName="MMP.Herald.OSS.Tests.Addons.ManagementApi.LiveLogCaptureTripleFixTests.Dispose_unsubscribes_from_rejected_broadcaster" computerName="BEAST" duration="00:00:00.0005848" startTime="2026-05-24T05:07:28.4438286-05:00" endTime="2026-05-24T05:07:28.4440198-05:00" testType="13cdc9d9-ddb5-4fa4-a97d-d965ccfc6d4b" outcome="Passed" testListId="8c84fa94-04c1-424b-9868-57a2d4851a1d" relativeResultsDirectory="3ad6dd87-3f2d-4fc4-b7ac-a67fc8eac0d5" />
[...]
    <TestEntry testId="887202a2-bf53-6cae-7b70-3d12e68bfb62" executionId="e394b458-2b0a-4b20-86fb-b3efb6d0dd91" testListId="8c84fa94-04c1-424b-9868-57a2d4851a1d" />
    <TestEntry testId="ee40201b-67a9-c5fb-9837-58e674c80351" executionId="8bd0eed0-60b3-413b-891e-00f35792abbc" testListId="8c84fa94-04c1-424b-9868-57a2d4851a1d" />
    <TestEntry testId="5c3dd89e-fe08-3ee1-e1e5-5392bd6c047e" executionId="d1b0e37c-48a8-40e5-9cfd-7d4479940429" testListId="8c84fa94-04c1-424b-9868-57a2d4851a1d" />
    <TestEntry testId="24469678-df0b-1eaa-6498-c4e6ebd5860d" executionId="bcbdfe9c-e9f3-4795-aaf3-83dc5b594649" testListId="8c84fa94-04c1-424b-9868-57a2d4851a1d" />
    <TestEntry testId="4dcecfdb-8103-4e07-5d81-4dc95ca5a31b" executionId="c16d7a8f-5b6c-483a-a06f-bac7e22c588a" testListId="8c84fa94-04c1-424b-9868-57a2d4851a1d" />
    <TestEntry testId="2bb048eb-01f6-e217-9da1-9d107de6268e" executionId="476557da-0f73-4332-a9ca-9d43f29e0849" testListId="8c84fa94-04c1-424b-9868-57a2d4851a1d" />
    <TestEntry testId="c5265d14-6d9c-8eba-d4d1-54c49b7fa3d5" executionId="a5fe9f9a-76f5-4e06-8e80-0aabd8ab8f9d" testListId="8c84fa94-04c1-424b-9868-57a2d4851a1d" />
    <TestEntry testId="4f7f54b8-d836-577a-6bd1-4a3e891d6cb9" executionId="5dd7291d-ef1e-4a50-8ce9-91f06f986834" testListId="8c84fa94-04c1-424b-9868-57a2d4851a1d" />
    <TestEntry testId="402ca551-553a-0b6a-ad9e-089edf0a2f2d" executionId="be689ec8-e5f5-4cc8-9335-42843afc236a" testListId="8c84fa94-04c1-424b-9868-57a2d4851a1d" />
    <TestEntry testId="31cf5a0d-44df-c35e-b008-2636ce41c5e0" executionId="4d07fa2b-8c9b-44e4-a2bd-e31434b02105" testListId="8c84fa94-04c1-424b-9868-57a2d4851a1d" />
    <TestEntry testId="9352f92e-774a-02af-7a58-01c10ac5a9d3" executionId="4ca4defb-3722-427f-ac43-a1ed14bdc4df" testListId="8c84fa94-04c1-424b-9868-57a2d4851a1d" />
    <TestEntry testId="fad8a082-c79c-eeb5-f7a2-26c36b7f7a3f" executionId="d2c691de-8835-4936-bd04-138a974fdb93" testListId="8c84fa94-04c1-424b-9868-57a2d4851a1d" />
    <TestEntry testId="5b6904d6-4dd0-720a-7bc5-f443f7b5ffd8" executionId="3f47d55c-1903-4b37-af9b-07c3a5347482" testListId="8c84fa94-04c1-424b-9868-57a2d4851a1d" />
    <TestEntry testId="f328cfcc-6ef6-aba8-901d-c02a76e1a5e1" executionId="952a7239-afc2-4b75-8d81-8b2e73ab7528" testListId="8c84fa94-04c1-424b-9868-57a2d4851a1d" />
    <TestEntry testId="cef24dbc-7fe2-26b4-ed6e-d6b5979acaa9" executionId="f805dec3-4212-49c5-bf7f-27a95544c123" testListId="8c84fa94-04c1-424b-9868-57a2d4851a1d" />
    <TestEntry testId="d9869326-3cc3-af1e-bb44-865ee8c495fc" executionId="e11e6d23-ac0a-4ec3-9d74-a2f35fa1c1ec" testListId="8c84fa94-04c1-424b-9868-57a2d4851a1d" />
    <TestEntry testId="756c9429-6a1f-41cd-6453-390a3562cf2d" executionId="99314cda-440a-478e-85ff-0fe671635e64" testListId="8c84fa94-04c1-424b-9868-57a2d4851a1d" />
    <TestEntry testId="50c2408c-2055-f889-9fcc-08dcfb5824b3" executionId="90f4ec69-02eb-4f40-a3de-3680c4f3cf96" testListId="8c84fa94-04c1-424b-9868-57a2d4851a1d" />
    <TestEntry testId="9d98335b-e335-294a-729c-1beba833e4c2" executionId="e6ae78cc-c11c-4f96-b0d3-b9c3f7073feb" testListId="8c84fa94-04c1-424b-9868-57a2d4851a1d" />
    <TestEntry testId="a26f3a1e-d137-8c11-b351-ffd1061f5b44" executionId="f4bbe360-e06b-4996-a588-1c67322185ab" testListId="8c84fa94-04c1-424b-9868-57a2d4851a1d" />
    <TestEntry testId="b6714f76-f779-b57b-ab1e-b6df5bfedfa0" executionId="bef62e2d-026b-4736-8873-a1ca15bbb728" testListId="8c84fa94-04c1-424b-9868-57a2d4851a1d" />
    <TestEntry testId="f447cc16-c68f-3b6e-2be5-a63f1316fca3" executionId="8a87c2bf-0fd3-47e4-8843-18b167374f06" testListId="8c84fa94-04c1-424b-9868-57a2d4851a1d" />
    <TestEntry testId="611048ea-bf53-3896-e073-00137af82050" executionId="adcdbb2a-ee18-447c-b270-b24f75a2cc56" testListId="8c84fa94-04c1-424b-9868-57a2d4851a1d" />
    <TestEntry testId="b7d54b35-7a7f-d241-77f3-edc4590522aa" executionId="81a2e53e-3e60-4957-ba49-71301db167f6" testListId="8c84fa94-04c1-424b-9868-57a2d4851a1d" />
    <TestEntry testId="756c9429-6a1f-41cd-6453-390a3562cf2d" executionId="87b6b0b9-caff-4895-be48-7ae815476858" testListId="8c84fa94-04c1-424b-9868-57a2d4851a1d" />
    <TestEntry testId="e1dfbe07-1613-3a02-bc2e-d82926e48b41" executionId="c38b609c-e1b4-4733-be93-bf8bbbcd01d5" testListId="8c84fa94-04c1-424b-9868-57a2d4851a1d" />
    <TestEntry testId="f94880b6-6f7c-2a77-972a-c3dad5bd45e2" executionId="31700d1b-6132-4d69-b2c7-a5b3922b61cb" testListId="8c84fa94-04c1-424b-9868-57a2d4851a1d" />
    <TestEntry testId="9076703b-82e4-46c0-1521-15197c0b8646" executionId="9faaf8f3-f96d-458c-bff8-41fff0ec6e44" testListId="8c84fa94-04c1-424b-9868-57a2d4851a1d" />
    <TestEntry testId="5bc5661c-5835-ab74-2369-4722f7f6683b" executionId="3fd1422c-2c72-4865-bb7d-fbd9c0619d79" testListId="8c84fa94-04c1-424b-9868-57a2d4851a1d" />
    <TestEntry testId="3c9699bd-9ec6-e17a-2bad-76a2349a1da4" executionId="4dc8ae8a-2664-4e24-b3e3-d02cf3d7849b" testListId="8c84fa94-04c1-424b-9868-57a2d4851a1d" />
    <TestEntry testId="1d31d980-0d3a-0e1d-5189-522fe27e9246" executionId="767f997d-ed24-4990-882c-0e8638e6c33a" testListId="8c84fa94-04c1-424b-9868-57a2d4851a1d" />
    <TestEntry testId="8e86d78d-5a58-e949-d3db-7687a9d9498e" executionId="c3437ab3-77a3-45e5-8534-d3aa901b75e2" testListId="8c84fa94-04c1-424b-9868-57a2d4851a1d" />
    <TestEntry testId="7c3d2ac5-8591-4eb4-ee27-4434a5a0e022" executionId="1693f27b-015a-4d8e-b419-97c1aa6c08f2" testListId="8c84fa94-04c1-424b-9868-57a2d4851a1d" />
    <TestEntry testId="b0d250a3-8e39-2431-a640-69ee10c54c0f" executionId="e53a8c7d-0dc8-4c6b-ab17-cc7a41195705" testListId="8c84fa94-04c1-424b-9868-57a2d4851a1d" />
    <TestEntry testId="3f123379-db65-23e8-b72e-a2b7c910dbad" executionId="e44d748b-a142-46c2-abba-4da1ec7bc03a" testListId="8c84fa94-04c1-424b-9868-57a2d4851a1d" />
    <TestEntry testId="20e62fdf-d500-ad1c-f52f-abd8314fb472" executionId="1e171e24-c465-42aa-a7dd-7d94bbce6d6d" testListId="8c84fa94-04c1-424b-9868-57a2d4851a1d" />
    <TestEntry testId="0ca6c722-4760-e69f-8d8f-4f7c98c926e6" executionId="20b560e6-b42d-4320-ad66-cd2d7f720e5e" testListId="8c84fa94-04c1-424b-9868-57a2d4851a1d" />
    <TestEntry testId="54d1596b-9d31-2dd0-eb94-1aa6163a506e" executionId="ee851ef0-251a-475a-840a-9905116843f4" testListId="8c84fa94-04c1-424b-9868-57a2d4851a1d" />
    <TestEntry testId="7a3f2ff6-3699-eb14-0309-c28091aea22a" executionId="489376f0-0198-4952-8ffc-0a985df197fa" testListId="8c84fa94-04c1-424b-9868-57a2d4851a1d" />
    <TestEntry testId="20e62fdf-d500-ad1c-f52f-abd8314fb472" executionId="cf4c39dc-289a-4f41-aac4-5d0de9cd817d" testListId="8c84fa94-04c1-424b-9868-57a2d4851a1d" />
    <TestEntry testId="c729eb95-06db-971a-e911-4921af55fe0d" executionId="ec084717-8960-410f-93d1-b9214e0e6ecb" testListId="8c84fa94-04c1-424b-9868-57a2d4851a1d" />
    <TestEntry testId="10ccd760-290a-0b70-d116-ce8b72eddb12" executionId="9db79599-9737-4cbe-82d4-7cd58446f625" testListId="8c84fa94-04c1-424b-9868-57a2d4851a1d" />
    <TestEntry testId="dc5cf7bc-46c4-ba4a-e53e-dd0073bfb80a" executionId="66feb368-4d39-43b2-8479-566fa5510a5f" testListId="8c84fa94-04c1-424b-9868-57a2d4851a1d" />
    <TestEntry testId="eba429cb-9be4-d833-a9bc-8fda50470cb5" executionId="c8a173f5-9ccc-4504-8a08-9ee73c53d28e" testListId="8c84fa94-04c1-424b-9868-57a2d4851a1d" />
    <TestEntry testId="4ead0534-110d-8c99-e116-801f4d3d5ba4" executionId="01539835-611d-4897-b410-00e0f77c0e8a" testListId="8c84fa94-04c1-424b-9868-57a2d4851a1d" />
    <TestEntry testId="756c9429-6a1f-41cd-6453-390a3562cf2d" executionId="09847f45-0228-4573-8ff3-293175c69a07" testListId="8c84fa94-04c1-424b-9868-57a2d4851a1d" />
    <TestEntry testId="cf14ae66-6305-ecd5-c9be-c7b769b0efbf" executionId="d29eda18-02d0-43c8-8b41-6992c37841de" testListId="8c84fa94-04c1-424b-9868-57a2d4851a1d" />
    <TestEntry testId="3c6795d0-a138-68a4-4bc0-689e049cde85" executionId="1ca7c0a3-077f-4318-9244-b4b3440be630" testListId="8c84fa94-04c1-424b-9868-57a2d4851a1d" />
    <TestEntry testId="f8244f7a-3321-c6c8-86db-a532d709be42" executionId="bab3298f-ca42-4442-ac28-ac028393d8a9" testListId="8c84fa94-04c1-424b-9868-57a2d4851a1d" />
    <TestEntry testId="d58d64f3-7aa5-ea0c-aaf4-507c4150b2fd" executionId="e6b27bd2-cea9-49ab-9b56-ee3704fbc5ff" testListId="8c84fa94-04c1-424b-9868-57a2d4851a1d" />
    <TestEntry testId="24bf07c1-c71d-e47a-7143-9ef1d2bc5293" executionId="c3e8057d-ca7c-439b-b411-c0e09eb58613" testListId="8c84fa94-04c1-424b-9868-57a2d4851a1d" />
    <TestEntry testId="47283a39-50f6-e814-0394-4caecf29d5fa" executionId="46770f9b-e4e9-486e-b686-b3f5be7949cb" testListId="8c84fa94-04c1-424b-9868-57a2d4851a1d" />
    <TestEntry testId="a3a888e9-4129-8071-d358-321d30dd1cf2" executionId="58a9dd71-d6bc-4103-a2d7-082428906386" testListId="8c84fa94-04c1-424b-9868-57a2d4851a1d" />
    <TestEntry testId="41375891-953a-cdd8-bdad-0aa156448790" executionId="9423da73-d54b-4163-8a34-59e697095154" testListId="8c84fa94-04c1-424b-9868-57a2d4851a1d" />
    <TestEntry testId="f888977c-ff57-efef-e5c7-77fa0994eca6" executionId="a653906c-cce9-473c-8bd9-faa8298613b0" testListId="8c84fa94-04c1-424b-9868-57a2d4851a1d" />
    <TestEntry testId="20e62fdf-d500-ad1c-f52f-abd8314fb472" executionId="05b27281-45ec-4f79-893d-f8a2deacd852" testListId="8c84fa94-04c1-424b-9868-57a2d4851a1d" />
    <TestEntry testId="ac5b726d-96ee-f5db-8acf-5f20645cbbd6" executionId="2d7c7a49-3146-4f67-8979-36de1824d0d5" testListId="8c84fa94-04c1-424b-9868-57a2d4851a1d" />
    <TestEntry testId="b08d2e43-ba34-8989-89c4-45e161adfc3a" executionId="5b8be602-2b5a-4f21-b103-e2def4a97b04" testListId="8c84fa94-04c1-424b-9868-57a2d4851a1d" />
    <TestEntry testId="803af1f0-e0ca-2778-036c-8299d7dee1c5" executionId="16604406-07fa-4dac-af89-db7b2e08d054" testListId="8c84fa94-04c1-424b-9868-57a2d4851a1d" />
    <TestEntry testId="b485882b-ae26-be74-abb0-55c1e906b7d2" executionId="86a353dd-e78e-4218-8de1-080e07dcbcfd" testListId="8c84fa94-04c1-424b-9868-57a2d4851a1d" />
    <TestEntry testId="4d93625d-4244-9621-4c3d-81d95c48aedb" executionId="c506d86f-f7b0-4cb4-bdb9-d93279c4b648" testListId="8c84fa94-04c1-424b-9868-57a2d4851a1d" />
    <TestEntry testId="ef6766fd-2a24-7c16-ad0a-e3ddc62febcc" executionId="af04bf02-e810-4488-acde-b13bd9f588e4" testListId="8c84fa94-04c1-424b-9868-57a2d4851a1d" />
    <TestEntry testId="2363599f-e99f-6b8f-eafe-305f047a0389" executionId="dfec9281-b575-4759-bfbc-b8bdc73378e4" testListId="8c84fa94-04c1-424b-9868-57a2d4851a1d" />
    <TestEntry testId="fd32a65c-68ef-684e-bc1e-6efe6bb154be" executionId="c414e619-376d-4cf9-8e7c-82215bff8aa9" testListId="8c84fa94-04c1-424b-9868-57a2d4851a1d" />
    <TestEntry testId="789c9e69-cec2-1c32-be7c-da35abef25aa" executionId="174ec560-ccd5-47ab-a0ad-287b06d31f62" testListId="8c84fa94-04c1-424b-9868-57a2d4851a1d" />
    <TestEntry testId="dd4fa798-68a9-981d-80a9-216c558e265d" executionId="3204ce8e-260e-48f8-818c-afa6193e8502" testListId="8c84fa94-04c1-424b-9868-57a2d4851a1d" />
    <TestEntry testId="89bc778b-c259-83c6-29fc-1b09b0ce23ab" executionId="30fe9d53-60bd-43fa-814b-e3d8e126d503" testListId="8c84fa94-04c1-424b-9868-57a2d4851a1d" />
    <TestEntry testId="bdad9863-92fb-1088-37a3-1a5b08b7df6f" executionId="61340818-0b62-4c49-983d-1361de8fb965" testListId="8c84fa94-04c1-424b-9868-57a2d4851a1d" />
    <TestEntry testId="40a69e39-d897-c4ec-8f8c-e59dc7c5556d" executionId="b7994e66-c210-45fc-99c0-c2642db449eb" testListId="8c84fa94-04c1-424b-9868-57a2d4851a1d" />
    <TestEntry testId="2694c7b0-b866-ddea-42d6-86f51beb77f1" executionId="23bd6da7-facc-4e5c-b035-dd8f790a570d" testListId="8c84fa94-04c1-424b-9868-57a2d4851a1d" />
    <TestEntry testId="4dea7938-691b-48c1-68a3-0837b84b4000" executionId="0e8452bb-628f-4bd6-9d3e-e091370534cf" testListId="8c84fa94-04c1-424b-9868-57a2d4851a1d" />
    <TestEntry testId="736a2b39-ef4f-b14a-207d-c5088897572f" executionId="978be17c-5479-4bf1-8aea-0e58c2f20432" testListId="8c84fa94-04c1-424b-9868-57a2d4851a1d" />
    <TestEntry testId="fff71b07-bc81-277f-46a6-d92fee313081" executionId="2a2a7ad8-9956-4e04-90f1-3aa9f48b28fb" testListId="8c84fa94-04c1-424b-9868-57a2d4851a1d" />
    <TestEntry testId="77e68a16-e3d0-6267-a2dc-8d195d2e8821" executionId="960db43e-ed8f-46f1-965b-676ffdb53a80" testListId="8c84fa94-04c1-424b-9868-57a2d4851a1d" />
    <TestEntry testId="b65b162b-f317-b1a8-2647-8a1168595dc6" executionId="9f151ff7-7f93-4511-8d7b-4e0cbc6a1517" testListId="8c84fa94-04c1-424b-9868-57a2d4851a1d" />
    <TestEntry testId="756c9429-6a1f-41cd-6453-390a3562cf2d" executionId="67c9719e-a3ab-4c05-824d-3ebbf37cef2b" testListId="8c84fa94-04c1-424b-9868-57a2d4851a1d" />
    <TestEntry testId="6fffaec2-f3b1-092f-9eeb-49a54b3c8cd1" executionId="87213704-11e1-4581-910b-6ea0eff742da" testListId="8c84fa94-04c1-424b-9868-57a2d4851a1d" />
    <TestEntry testId="d29712b7-4cc1-39a3-25e7-4d62889cf2de" executionId="a5fbb707-ef01-4697-ad96-b513ce8461ba" testListId="8c84fa94-04c1-424b-9868-57a2d4851a1d" />
    <TestEntry testId="bc435013-cd64-8afd-7fbb-0b9999c7f34c" executionId="c667167c-8c21-471e-bfa0-f8566b3c1eba" testListId="8c84fa94-04c1-424b-9868-57a2d4851a1d" />
    <TestEntry testId="a66c8af0-2988-dcb8-572b-492a6869191f" executionId="b8aed5c6-7a5c-4437-a82a-5bcd07a3b7cb" testListId="8c84fa94-04c1-424b-9868-57a2d4851a1d" />
    <TestEntry testId="9e1f3d80-8585-3544-5ec7-a23b98d88a10" executionId="c1f9e886-3f4f-4a55-a2a3-b8fc1e6be5b1" testListId="8c84fa94-04c1-424b-9868-57a2d4851a1d" />
    <TestEntry testId="9b9af7c4-1379-ef28-87f9-66b1b7d7da8d" executionId="891e0449-7560-4a49-8ac1-4677740957d0" testListId="8c84fa94-04c1-424b-9868-57a2d4851a1d" />
    <TestEntry testId="4178a1c9-3cc4-63e0-a1f7-a5f216f954bd" executionId="cca6f91b-9eb1-4515-ac4b-5c77349fedff" testListId="8c84fa94-04c1-424b-9868-57a2d4851a1d" />
    <TestEntry testId="dd5162e6-b34c-de02-2408-20cbca22387b" executionId="a050f743-f24d-40dc-a10d-7fb00387fb1d" testListId="8c84fa94-04c1-424b-9868-57a2d4851a1d" />
    <TestEntry testId="6cb641c2-e22b-8e75-99a9-0aa88fcfeba9" executionId="1c2c9ba5-8d41-482a-a5ab-457c97a34aa0" testListId="8c84fa94-04c1-424b-9868-57a2d4851a1d" />
    <TestEntry testId="64634f11-4ebc-9bbf-736f-b2af8bc0efe2" executionId="cd9fd58b-19a3-4123-a703-48eb983b00a1" testListId="8c84fa94-04c1-424b-9868-57a2d4851a1d" />
    <TestEntry testId="186331a9-19e4-5ce8-d4c3-5314031174d0" executionId="dde5d06a-7ecc-4e78-8565-5c5846c64d78" testListId="8c84fa94-04c1-424b-9868-57a2d4851a1d" />
    <TestEntry testId="f8c00916-765a-57fc-dcd4-30411cfed8a0" executionId="23056c27-2b20-447c-a58e-dd8ed8428183" testListId="8c84fa94-04c1-424b-9868-57a2d4851a1d" />
    <TestEntry testId="8c6e4d2c-5122-6143-b3e4-b64044a93188" executionId="fac53127-4036-49ab-b1ae-006f5a852d58" testListId="8c84fa94-04c1-424b-9868-57a2d4851a1d" />
    <TestEntry testId="c76cc34a-d495-5014-7c98-936123c29a3f" executionId="f3b5a52d-8b08-42f2-999e-ae94b4dde752" testListId="8c84fa94-04c1-424b-9868-57a2d4851a1d" />
    <TestEntry testId="e09bed4a-e9db-bead-552d-b7f2e756b941" executionId="bd3c2126-d45b-4d82-8f2c-f91576d1b83a" testListId="8c84fa94-04c1-424b-9868-57a2d4851a1d" />
  </TestEntries>
  <TestLists>
    <TestList name="Results Not in a List" id="8c84fa94-04c1-424b-9868-57a2d4851a1d" />
    <TestList name="All Loaded Results" id="19431567-8539-422a-85d7-44ee4e166bda" />
  </TestLists>
  <ResultSummary outcome="Failed">
    <Counters total="571" executed="571" passed="570" failed="1" error="0" timeout="0" aborted="0" inconclusive="0" passedButRunAborted="0" notRunnable="0" notExecuted="0" disconnected="0" warning="0" completed="0" inProgress="0" pending="0" />
    <Output>
      <StdOut>[xUnit.net 00:00:00.00] xUnit.net VSTest Adapter v3.1.5+1b188a7b0a (64-bit .NET 10.0.8)&#xD;
[xUnit.net 00:00:00.09]   Discovering: Herald.OSS.Tests&#xD;
[xUnit.net 00:00:00.17]   Discovered:  Herald.OSS.Tests&#xD;
[xUnit.net 00:00:00.27]   Starting:    Herald.OSS.Tests&#xD;
[Herald] WARN: Sink 'webhook' kind 'webhook' has no registered provider. Substituted with a no-op stand-in until the kind is restored or the pipeline is edited.&#xD;
[Herald] WARN: Sink 'text_file' kind 'text_file' has no registered provider. Substituted with a no-op stand-in until the kind is restored or the pipeline is edited.&#xD;
[Herald] WARN: Sink 'text_file' kind 'text_file' has no registered provider. Substituted with a no-op stand-in until the kind is restored or the pipeline is edited.&#xD;
[Herald] WARN: Sink 'text_file' kind 'text_file' has no registered provider. Substituted with a no-op stand-in until the kind is restored or the pipeline is edited.&#xD;
[Herald] WARN: Sink 'text_file' kind 'text_file' has no registered provider. Substituted with a no-op stand-in until the kind is restored or the pipeline is edited.&#xD;
[Herald] WARN: Sink 'text_file' kind 'text_file' has no registered provider. Substituted with a no-op stand-in until the kind is restored or the pipeline is edited.&#xD;
[Herald] WARN: Sink 'http_json' kind 'http_json' has no registered provider. Substituted with a no-op stand-in until the kind is restored or the pipeline is edited.&#xD;
[Herald] WARN: Sink 'otlp_json' kind 'otlp_json' has no registered provider. Substituted with a no-op stand-in until the kind is restored or the pipeline is edited.&#xD;
[Herald] WARN: Sink 'text_file' kind 'text_file' has no registered provider. Substituted with a no-op stand-in until the kind is restored or the pipeline is edited.&#xD;
[Herald] WARN: Sink 'otlp_json' kind 'otlp_json' has no registered provider. Substituted with a no-op stand-in until the kind is restored or the pipeline is edited.&#xD;
[Herald] WARN: Sink 'text_file' kind 'text_file' has no registered provider. Substituted with a no-op stand-in until the kind is restored or the pipeline is edited.&#xD;
[Herald] WARN: Sink 'text_file' kind 'text_file' has no registered provider. Substituted with a no-op stand-in until the kind is restored or the pipeline is edited.&#xD;
INF:2 2026-05-24T10:07:28.3298135+00:00 App - Phase 4 beachhead emit&#xD;
[xUnit.net 00:00:02.82]       Expected matches {empty} to contain "HotReloadDrainCapped" because exceeding MaxDrains must surface a HotReloadDrainCapped failure record under heavy parallel Reload pressure.&#xD;
[xUnit.net 00:00:02.82]       Stack Trace:&#xD;
[xUnit.net 00:00:02.82]            at FluentAssertions.Execution.XUnit2TestFramework.Throw(String message)&#xD;
[xUnit.net 00:00:02.82]            at FluentAssertions.Execution.TestFrameworkProvider.Throw(String message)&#xD;
[xUnit.net 00:00:02.82]            at FluentAssertions.Execution.DefaultAssertionStrategy.HandleFailure(String message)&#xD;
[xUnit.net 00:00:02.82]            at FluentAssertions.Execution.AssertionScope.FailWith(Func`1 failReasonFunc)&#xD;
[xUnit.net 00:00:02.82]            at FluentAssertions.Execution.AssertionScope.FailWith(Func`1 failReasonFunc)&#xD;
[xUnit.net 00:00:02.82]            at FluentAssertions.Execution.AssertionScope.FailWith(String message, Object[] args)&#xD;
[xUnit.net 00:00:02.82]            at FluentAssertions.Collections.GenericCollectionAssertions`3.Contain(T expected, String because, Object[] becauseArgs)&#xD;
[xUnit.net 00:00:02.82]         E:\dev\Herald.OSS\tests\Bootstrap\HotReloadIntegrationTests.cs(143,0): at MMP.Herald.OSS.Tests.Bootstrap.HotReloadIntegrationTests.Drain_cap_overflow_surfaces_HotReloadDrainCapped_failure()&#xD;
[xUnit.net 00:00:02.82]            at System.Reflection.MethodBaseInvoker.InterpretedInvoke_Method(Object obj, IntPtr* args)&#xD;
[xUnit.net 00:00:02.82]            at System.Reflection.MethodBaseInvoker.InvokeWithNoArgs(Object obj, BindingFlags invokeAttr)&#xD;
[xUnit.net 00:00:11.26]   Finished:    Herald.OSS.Tests&#xD;
</StdOut>
    </Output>
    <RunInfos>
      <RunInfo computerName="BEAST" outcome="Error" timestamp="2026-05-24T05:07:30.4724861-05:00">
        <Text>[xUnit.net 00:00:02.82]     MMP.Herald.OSS.Tests.Bootstrap.HotReloadIntegrationTests.Drain_cap_overflow_surfaces_HotReloadDrainCapped_failure [FAIL]</Text>
      </RunInfo>
    </RunInfos>
  </ResultSummary>
</TestRun>